TASK [Print the final cluster layout (tag / container / url per cluster)] ******
ok: [localhost] => {
    "msg": [
        "================================================================",
        "  Formed 3 cluster(s) with 9 node(s) (on rpv1C)",
        "================================================================",
        "",
        "  Cluster 10",
        "    tag   container   url",
        "    A     10a         https://10a.hubsink.test:443",
        "    B     10b         https://10b.hubsink.test:443",
        "    C     10c         https://10c.hubsink.test:443",
        "",
        "  Cluster 11",
        "    tag   container   url",
        "    A     11a         https://11a.hubsink.test:443",
        "    B     11b         https://11b.hubsink.test:443",
        "    C     11c         https://11c.hubsink.test:443",
        "",
        "  Cluster 12",
        "    tag   container   url",
        "    A     12a         https://12a.hubsink.test:443",
        "    B     12b         https://12b.hubsink.test:443",
        "    C     12c         https://12c.hubsink.test:443",
        "",
        "================================================================"
    ]
}

PLAY RECAP *********************************************************************
10a                        : ok=2    changed=1    unreachable=0    failed=0    skipped=0    rescued=0    ignored=0   
10b                        : ok=2    changed=1    unreachable=0    failed=0    skipped=0    rescued=0    ignored=0   
10c                        : ok=2    changed=1    unreachable=0    failed=0    skipped=0    rescued=0    ignored=0   
11a                        : ok=2    changed=1    unreachable=0    failed=0    skipped=0    rescued=0    ignored=0   
11b                        : ok=2    changed=1    unreachable=0    failed=0    skipped=0    rescued=0    ignored=0   
11c                        : ok=2    changed=1    unreachable=0    failed=0    skipped=0    rescued=0    ignored=0   
12a                        : ok=2    changed=1    unreachable=0    failed=0    skipped=0    rescued=0    ignored=0   
12b                        : ok=2    changed=1    unreachable=0    failed=0    skipped=0    rescued=0    ignored=0   
12c                        : ok=2    changed=1    unreachable=0    failed=0    skipped=0    rescued=0    ignored=0   
localhost                  : ok=16   changed=2    unreachable=0    failed=0    skipped=2    rescued=0    ignored=0   


[1;36m[23:14:47] rpv1[0m

PLAY [Stop a background workload via its pidfile] ******************************

TASK [Validate inputs] *********************************************************
ok: [localhost] => {
    "changed": false,
    "msg": "All assertions passed"
}

TASK [TERM (then KILL after grace) the pid in /tmp/w1-10a-db1.pid] *************
changed: [localhost]

TASK [Done] ********************************************************************
ok: [localhost] => {
    "msg": "WORKLOAD ALREADY EXITED  no pidfile at /tmp/w1-10a-db1.pid"
}

PLAY [Stop a background workload via its pidfile] ******************************

TASK [Validate inputs] *********************************************************
ok: [localhost] => {
    "changed": false,
    "msg": "All assertions passed"
}

TASK [TERM (then KILL after grace) the pid in /tmp/w2-10a-db1.pid] *************
changed: [localhost]

TASK [Done] ********************************************************************
ok: [localhost] => {
    "msg": "WORKLOAD ALREADY EXITED  no pidfile at /tmp/w2-10a-db1.pid"
}

PLAY [RPV-1 pre -- validate inputs + show plan] ********************************

TASK [Validate inputs] *********************************************************
ok: [localhost] => {
    "changed": false,
    "msg": "All assertions passed"
}

TASK [Show plan] ***************************************************************
ok: [localhost] => {
    "msg": "RPV-1  v_old=6.2.15  v_new_build=/mnt/c/dev/hub-sink/ansible-ravendb-chaos/builds/raven-pr22875.deb upgrade_step_1=['11a', '10b', '12c'] upgrade_step_2=['10a', '12b', '11c'] upgrade_step_3=['12a', '10c', '11b']"
}

PLAY [Ensure ravendb python client is available on the controller] *************

TASK [Gathering Facts] *********************************************************
ok: [localhost]

TASK [Probe existing venv for ravendb module] **********************************
ok: [localhost]

TASK [Reuse existing venv -- skip the prereqs role] ****************************
ok: [localhost]

TASK [Install ravendb python client prerequisites (one-time / forced)] *********
skipping: [localhost]

PLAY [Create a database via the ravendb.ravendb.database module] ***************

TASK [Validate inputs] *********************************************************
ok: [localhost] => {
    "changed": false,
    "msg": "All assertions passed"
}

TASK [Create database] *********************************************************
changed: [localhost]

TASK [Done] ********************************************************************
ok: [localhost] => {
    "msg": "CREATED  db1 on cluster reachable via 10a (replication_factor=3)"
}

PLAY [Ensure ravendb python client is available on the controller] *************

TASK [Gathering Facts] *********************************************************
ok: [localhost]

TASK [Probe existing venv for ravendb module] **********************************
ok: [localhost]

TASK [Reuse existing venv -- skip the prereqs role] ****************************
ok: [localhost]

TASK [Install ravendb python client prerequisites (one-time / forced)] *********
skipping: [localhost]

PLAY [Create a database via the ravendb.ravendb.database module] ***************

TASK [Validate inputs] *********************************************************
ok: [localhost] => {
    "changed": false,
    "msg": "All assertions passed"
}

TASK [Create database] *********************************************************
changed: [localhost]

TASK [Done] ********************************************************************
ok: [localhost] => {
    "msg": "CREATED  db1 on cluster reachable via 11a (replication_factor=3)"
}

PLAY [Ensure ravendb python client is available on the controller] *************

TASK [Gathering Facts] *********************************************************
ok: [localhost]

TASK [Probe existing venv for ravendb module] **********************************
ok: [localhost]

TASK [Reuse existing venv -- skip the prereqs role] ****************************
ok: [localhost]

TASK [Install ravendb python client prerequisites (one-time / forced)] *********
skipping: [localhost]

PLAY [Create a database via the ravendb.ravendb.database module] ***************

TASK [Validate inputs] *********************************************************
ok: [localhost] => {
    "changed": false,
    "msg": "All assertions passed"
}

TASK [Create database] *********************************************************
changed: [localhost]

TASK [Done] ********************************************************************
ok: [localhost] => {
    "msg": "CREATED  db1 on cluster reachable via 12a (replication_factor=3)"
}

PLAY [RPV-1 step 1 -- per-collection revisions config (Users / Orders / Internal)] ***

TASK [ravendb_revisions] *******************************************************
changed: [localhost]

TASK [ansible.builtin.debug] ***************************************************
ok: [localhost] => {
    "msg": "REVISIONS configured on 10a/db1 -- per-collection=['Users', 'Orders', 'Internal']  Default.MinimumRevisionsToKeep=25  Default.MinimumRevisionAgeToKeep=21600s"
}

TASK [ravendb_revisions] *******************************************************
changed: [localhost]

TASK [ansible.builtin.debug] ***************************************************
ok: [localhost] => {
    "msg": "REVISIONS configured on 11a/db1 -- per-collection=['Users', 'Orders', 'Internal']  Default.MinimumRevisionsToKeep=25  Default.MinimumRevisionAgeToKeep=21600s"
}

TASK [ravendb_revisions] *******************************************************
changed: [localhost]

TASK [ansible.builtin.debug] ***************************************************
ok: [localhost] => {
    "msg": "REVISIONS configured on 12a/db1 -- per-collection=['Users', 'Orders', 'Internal']  Default.MinimumRevisionsToKeep=25  Default.MinimumRevisionAgeToKeep=21600s"
}

PLAY [RPV-1 step 2 -- wire filtered pull (Hub -> Sink-1 + Sink-2)] *************

TASK [ravendb_tasks] ***********************************************************
changed: [localhost]

TASK [ansible.builtin.debug] ***************************************************
ok: [localhost] => {
    "msg": "DEFINED hub task 'rpv1-hub' on 10a + access entries for sinks ['11', '12'] 
    (PFXs in /mnt/c/dev/hub-sink/ansible-ravendb-chaos/scenarios/company-1/RPV1/../../../replication-certs)"
}

TASK [ravendb_tasks] ***********************************************************
changed: [localhost]

TASK [ansible.builtin.debug] ***************************************************
ok: [localhost] => {
    "msg": "ATTACHED sinks ['11', '12'] to hub task 'rpv1-hub' on database 'db1' (leader URLs ['https://11a.hubsink.test:443', 'https://12a.hubsink.test:443'])"
}

PLAY [RPV-1 step 3 -- seed Hub with 7 prefix buckets, then wait for filtered drain] ***

TASK [ravendb_writes] **********************************************************
changed: [localhost]

TASK [ansible.builtin.debug] ***************************************************
ok: [localhost] => {
    "msg": "WROTE 200/200 PUTs to 10a/db1 (200 docs x 1 revisions each, id prefix 'users/sink1', collection 'Users')"
}

TASK [ravendb_writes] **********************************************************
changed: [localhost]

TASK [ansible.builtin.debug] ***************************************************
ok: [localhost] => {
    "msg": "WROTE 200/200 PUTs to 10a/db1 (200 docs x 1 revisions each, id prefix 'users/sink2', collection 'Users')"
}

TASK [ravendb_writes] **********************************************************
changed: [localhost]

TASK [ansible.builtin.debug] ***************************************************
ok: [localhost] => {
    "msg": "WROTE 200/200 PUTs to 10a/db1 (200 docs x 1 revisions each, id prefix 'users/hub', collection 'Users')"
}

TASK [ravendb_writes] **********************************************************
changed: [localhost]

TASK [ansible.builtin.debug] ***************************************************
ok: [localhost] => {
    "msg": "WROTE 200/200 PUTs to 10a/db1 (200 docs x 1 revisions each, id prefix 'orders/sink1', collection 'Orders')"
}

TASK [ravendb_writes] **********************************************************
changed: [localhost]

TASK [ansible.builtin.debug] ***************************************************
ok: [localhost] => {
    "msg": "WROTE 200/200 PUTs to 10a/db1 (200 docs x 1 revisions each, id prefix 'orders/sink2', collection 'Orders')"
}

TASK [ravendb_writes] **********************************************************
changed: [localhost]

TASK [ansible.builtin.debug] ***************************************************
ok: [localhost] => {
    "msg": "WROTE 200/200 PUTs to 10a/db1 (200 docs x 1 revisions each, id prefix 'orders/hub', collection 'Orders')"
}

TASK [ravendb_writes] **********************************************************
changed: [localhost]

TASK [ansible.builtin.debug] ***************************************************
ok: [localhost] => {
    "msg": "WROTE 200/200 PUTs to 10a/db1 (200 docs x 1 revisions each, id prefix 'Internal', collection 'Internal')"
}

TASK [ravendb_wait] ************************************************************
ok: [localhost]

TASK [ansible.builtin.debug] ***************************************************
ok: [localhost] => {
    "msg": [
        "QUIESCENT -- 3 node(s) agree on DatabaseChangeVector (skipped=[], took 0.0s):",
        "  A:2799-+xQATZlmKkOY6V7IcnEU7Q, C:2800-LvHQFSI8rkS3AYh98eDFEg, B:2800-tMPjLTn8rkmwtLsHMbv8XQ"
    ]
}

TASK [ravendb_wait] ************************************************************
ok: [localhost]

TASK [ansible.builtin.debug] ***************************************************
ok: [localhost] => {
    "msg": "MARKER PROPAGATED -- 'users/sink1/marker-1780776967662903670-54698' reached every target ['11a', '11b', '11c'] from 10a (took 14.5s)"
}

TASK [ravendb_wait] ************************************************************
ok: [localhost]

TASK [ansible.builtin.debug] ***************************************************
ok: [localhost] => {
    "msg": "MARKER PROPAGATED -- 'users/sink2/marker-1780776983496086056-84222' reached every target ['12a', '12b', '12c'] from 10a (took 14.5s)"
}

PLAY [RPV-1 step 4 -- T0 baseline checkpoint] **********************************

TASK [ravendb_diagnostic] ******************************************************
ok: [localhost]

TASK [ansible.builtin.debug] ***************************************************
ok: [localhost] => {
    "msg": [
        "filter compliance on 11a/db1:",
        "  allowed_prefixes: ['users/sink1/', 'orders/sink1/']",
        "  total sink docs: 401",
        "  leak ids (no allowed prefix matched): 0",
        "PASS  every sink doc matches an allowed prefix"
    ]
}

TASK [ravendb_diagnostic] ******************************************************
ok: [localhost]

TASK [ansible.builtin.debug] ***************************************************
ok: [localhost] => {
    "msg": [
        "filter compliance on 12a/db1:",
        "  allowed_prefixes: ['users/sink2/', 'orders/sink2/']",
        "  total sink docs: 401",
        "  leak ids (no allowed prefix matched): 0",
        "PASS  every sink doc matches an allowed prefix"
    ]
}

TASK [ravendb_diagnostic] ******************************************************
ok: [localhost]

TASK [ansible.builtin.debug] ***************************************************
ok: [localhost] => {
    "msg": [
        "schema/build version per node:",
        "  10a  6.2.15",
        "  10b  6.2.15",
        "  10c  6.2.15",
        "  11a  6.2.15",
        "  11b  6.2.15",
        "  11c  6.2.15",
        "  12a  6.2.15",
        "  12b  6.2.15",
        "  12c  6.2.15"
    ]
}

TASK [ravendb_diagnostic] ******************************************************
ok: [localhost]

TASK [ansible.builtin.debug] ***************************************************
ok: [localhost] => {
    "msg": [
        "doc-id-set parity: 10 id(s) probed across ['11a', '11b', '11c']",
        "  mismatched: 0",
        "PASS  every probe id is uniformly present or uniformly absent"
    ]
}

TASK [ravendb_diagnostic] ******************************************************
ok: [localhost]

TASK [ansible.builtin.debug] ***************************************************
ok: [localhost] => {
    "msg": [
        "doc-id-set parity: 10 id(s) probed across ['12a', '12b', '12c']",
        "  mismatched: 0",
        "PASS  every probe id is uniformly present or uniformly absent"
    ]
}

TASK [ravendb_diagnostic] ******************************************************
ok: [localhost]

TASK [ansible.builtin.debug] ***************************************************
ok: [localhost] => {
    "msg": [
        "/stats parity  db=db1  nodes=['10a', '10b', '10c']",
        "field                                 10a ,       10b ,       10c  status",
        "CountOfAttachments                      0 ,         0 ,         0  OK",
        "CountOfConflicts                        0 ,         0 ,         0  OK",
        "CountOfCounterEntries                   0 ,         0 ,         0  OK (info)",
        "CountOfDocuments                     1402 ,      1402 ,      1402  OK",
        "CountOfDocumentsConflicts               0 ,         0 ,         0  OK",
        "CountOfRemoteAttachments                0 ,         0 ,         0  OK",
        "CountOfRevisionDocuments             1402 ,      1402 ,      1402  OK",
        "CountOfTimeSeriesDeletedRanges          0 ,         0 ,         0  OK",
        "CountOfTimeSeriesSegments               0 ,         0 ,         0  OK (info)",
        "CountOfTombstones                       0 ,         0 ,         0  OK",
        "CountOfUniqueAttachments                0 ,         0 ,         0  OK",
        "SizeOnDisk                      335675392 , 335675392 , 335675392  info",
        "PASS  every asserted field is parity-equal across ['10a', '10b', '10c']"
    ]
}

TASK [ravendb_diagnostic] ******************************************************
ok: [localhost]

TASK [ansible.builtin.debug] ***************************************************
ok: [localhost] => {
    "msg": [
        "/stats parity  db=db1  nodes=['11a', '11b', '11c']",
        "field                                11a ,      11b ,      11c  status",
        "CountOfAttachments                     0 ,        0 ,        0  OK",
        "CountOfConflicts                       0 ,        0 ,        0  OK",
        "CountOfCounterEntries                  0 ,        0 ,        0  OK (info)",
        "CountOfDocuments                     401 ,      401 ,      401  OK",
        "CountOfDocumentsConflicts              0 ,        0 ,        0  OK",
        "CountOfRemoteAttachments               0 ,        0 ,        0  OK",
        "CountOfRevisionDocuments             401 ,      401 ,      401  OK",
        "CountOfTimeSeriesDeletedRanges         0 ,        0 ,        0  OK",
        "CountOfTimeSeriesSegments              0 ,        0 ,        0  OK (info)",
        "CountOfTombstones                      0 ,        0 ,        0  OK",
        "CountOfUniqueAttachments               0 ,        0 ,        0  OK",
        "SizeOnDisk                      34873344 , 34611200 , 34873344  info",
        "PASS  every asserted field is parity-equal across ['11a', '11b', '11c']"
    ]
}

TASK [ravendb_diagnostic] ******************************************************
ok: [localhost]

TASK [ansible.builtin.debug] ***************************************************
ok: [localhost] => {
    "msg": [
        "/stats parity  db=db1  nodes=['12a', '12b', '12c']",
        "field                                12a ,      12b ,      12c  status",
        "CountOfAttachments                     0 ,        0 ,        0  OK",
        "CountOfConflicts                       0 ,        0 ,        0  OK",
        "CountOfCounterEntries                  0 ,        0 ,        0  OK (info)",
        "CountOfDocuments                     401 ,      401 ,      401  OK",
        "CountOfDocumentsConflicts              0 ,        0 ,        0  OK",
        "CountOfRemoteAttachments               0 ,        0 ,        0  OK",
        "CountOfRevisionDocuments             401 ,      401 ,      401  OK",
        "CountOfTimeSeriesDeletedRanges         0 ,        0 ,        0  OK",
        "CountOfTimeSeriesSegments              0 ,        0 ,        0  OK (info)",
        "CountOfTombstones                      0 ,        0 ,        0  OK",
        "CountOfUniqueAttachments               0 ,        0 ,        0  OK",
        "SizeOnDisk                      35135488 , 35135488 , 35135488  info",
        "PASS  every asserted field is parity-equal across ['12a', '12b', '12c']"
    ]
}

PLAY [RPV-1 step 5 -- start W-1 + W-2 in background on Hub] ********************

TASK [Launch W-1 (doc CRUD churn, 7-bucket 40/40/20 split, background async)] ***
changed: [localhost]

TASK [Launch W-2 (doc-extension churn, same 7-bucket 40/40/20 split, background async)] ***
[WARNING]: Found variable using reserved name: timeout
changed: [localhost]

PLAY [Wait for a background workload's pidfile to appear] **********************

TASK [Validate inputs] *********************************************************
ok: [localhost] => {
    "changed": false,
    "msg": "All assertions passed"
}

TASK [Wait for /tmp/w1-10a-db1.pid to appear] **********************************
ok: [localhost]

TASK [Done] ********************************************************************
ok: [localhost] => {
    "msg": "WORKLOAD STARTED  pidfile present at /tmp/w1-10a-db1.pid"
}

PLAY [Wait for a background workload's pidfile to appear] **********************

TASK [Validate inputs] *********************************************************
ok: [localhost] => {
    "changed": false,
    "msg": "All assertions passed"
}

TASK [Wait for /tmp/w2-10a-db1.pid to appear] **********************************
ok: [localhost]

TASK [Done] ********************************************************************
ok: [localhost] => {
    "msg": "WORKLOAD STARTED  pidfile present at /tmp/w2-10a-db1.pid"
}

PLAY [RPV-1 step 6 -- upgrade step 1 (3 nodes from upgrade_step_1)] ************

TASK [ansible.builtin.debug] ***************************************************
ok: [localhost] => {
    "msg": "==== step 6 -- upgrade step 1 (['11a', '10b', '12c']) ===="
}

TASK [Upgrade each node + wait for member] *************************************
ASYNC POLL on localhost: jid=j814417489167.301915 started=1 finished=0
ASYNC OK on localhost: jid=j814417489167.301915
changed: [localhost] => (item=11a)
ASYNC POLL on localhost: jid=j575437141250.325394 started=1 finished=0
ASYNC OK on localhost: jid=j575437141250.325394
changed: [localhost] => (item=10b)
ASYNC POLL on localhost: jid=j667797662920.349423 started=1 finished=0
ASYNC OK on localhost: jid=j667797662920.349423
changed: [localhost] => (item=12c)

PLAY [RPV-1 step 7 -- Checkpoint A (drain + light checks)] *********************

TASK [ravendb_wait] ************************************************************
ok: [localhost]

TASK [ansible.builtin.debug] ***************************************************
ok: [localhost] => {
    "msg": "MARKER PROPAGATED -- 'users/sink1/marker-1780777191490285585-71802' reached every target ['11a', '11b', '11c'] from 10a (took 12.3s)"
}

TASK [ravendb_wait] ************************************************************
ok: [localhost]

TASK [ansible.builtin.debug] ***************************************************
ok: [localhost] => {
    "msg": "MARKER PROPAGATED -- 'users/sink2/marker-1780777204057256729-38935' reached every target ['12a', '12b', '12c'] from 10a (took 8.2s)"
}

TASK [ravendb_diagnostic] ******************************************************
ok: [localhost]

TASK [ansible.builtin.debug] ***************************************************
ok: [localhost] => {
    "msg": [
        "schema/build version per node:",
        "  10a  6.2.15",
        "  10b  7.2.3-custom-72",
        "  10c  6.2.15",
        "  11a  7.2.3-custom-72",
        "  11b  6.2.15",
        "  11c  6.2.15",
        "  12a  6.2.15",
        "  12b  6.2.15",
        "  12c  7.2.3-custom-72"
    ]
}

TASK [ravendb_diagnostic] ******************************************************
ok: [localhost]

TASK [ansible.builtin.debug] ***************************************************
ok: [localhost] => {
    "msg": [
        "filter compliance on 11a/db1:",
        "  allowed_prefixes: ['users/sink1/', 'orders/sink1/']",
        "  total sink docs: 403",
        "  leak ids (no allowed prefix matched): 0",
        "PASS  every sink doc matches an allowed prefix"
    ]
}

TASK [ravendb_diagnostic] ******************************************************
ok: [localhost]

TASK [ansible.builtin.debug] ***************************************************
ok: [localhost] => {
    "msg": [
        "filter compliance on 12a/db1:",
        "  allowed_prefixes: ['users/sink2/', 'orders/sink2/']",
        "  total sink docs: 396",
        "  leak ids (no allowed prefix matched): 0",
        "PASS  every sink doc matches an allowed prefix"
    ]
}

TASK [ravendb_diagnostic] ******************************************************
ok: [localhost]

TASK [ansible.builtin.debug] ***************************************************
ok: [localhost] => {
    "msg": [
        "cross-sink isolation check on 11a/db1:",
        "  forbidden_prefixes: ['users/sink2/', 'orders/sink2/']",
        "  probes: 200  leaks: 0",
        "PASS  no forbidden-prefix docs on this sink"
    ]
}

TASK [ravendb_diagnostic] ******************************************************
ok: [localhost]

TASK [ansible.builtin.debug] ***************************************************
ok: [localhost] => {
    "msg": [
        "cross-sink isolation check on 12a/db1:",
        "  forbidden_prefixes: ['users/sink1/', 'orders/sink1/']",
        "  probes: 200  leaks: 0",
        "PASS  no forbidden-prefix docs on this sink"
    ]
}

TASK [ravendb_diagnostic] ******************************************************
ok: [localhost]

TASK [ansible.builtin.debug] ***************************************************
ok: [localhost] => {
    "msg": [
        "lane-inert check (db=db1, 3 node(s), 7 prefix(es), 58 revisions sampled):",
        "  leaks (new-lane '|' in CV): 0",
        "  forensic: SupportedFeatures = ['ThrowRevisionKeyTooBigFix']",
        "PASS  no '|' in any sampled revision CV; new lane stayed inert"
    ]
}

PLAY [RPV-1 step 8 -- upgrade step 2 (3 nodes from upgrade_step_2)] ************

TASK [ansible.builtin.debug] ***************************************************
ok: [localhost] => {
    "msg": "==== step 8 -- upgrade step 2 (['10a', '12b', '11c']) ===="
}

TASK [Upgrade each node + wait for member] *************************************
ASYNC POLL on localhost: jid=j773175674597.376275 started=1 finished=0
ASYNC OK on localhost: jid=j773175674597.376275
changed: [localhost] => (item=10a)
ASYNC POLL on localhost: jid=j290159604741.398620 started=1 finished=0
ASYNC OK on localhost: jid=j290159604741.398620
changed: [localhost] => (item=12b)
ASYNC POLL on localhost: jid=j102083025965.422128 started=1 finished=0
ASYNC OK on localhost: jid=j102083025965.422128
changed: [localhost] => (item=11c)

PLAY [RPV-1 step 9 -- Checkpoint B (drain + light checks)] *********************

TASK [ravendb_wait] ************************************************************
ok: [localhost]

TASK [ansible.builtin.debug] ***************************************************
ok: [localhost] => {
    "msg": "MARKER PROPAGATED -- 'users/sink1/marker-1780777415404513513-85921' reached every target ['11a', '11b', '11c'] from 10a (took 8.2s)"
}

TASK [ravendb_wait] ************************************************************
ok: [localhost]

TASK [ansible.builtin.debug] ***************************************************
ok: [localhost] => {
    "msg": "MARKER PROPAGATED -- 'users/sink2/marker-1780777423750366636-85366' reached every target ['12a', '12b', '12c'] from 10a (took 12.3s)"
}

TASK [ravendb_diagnostic] ******************************************************
ok: [localhost]

TASK [ansible.builtin.debug] ***************************************************
ok: [localhost] => {
    "msg": [
        "schema/build version per node:",
        "  10a  7.2.3-custom-72",
        "  10b  7.2.3-custom-72",
        "  10c  6.2.15",
        "  11a  7.2.3-custom-72",
        "  11b  6.2.15",
        "  11c  7.2.3-custom-72",
        "  12a  6.2.15",
        "  12b  7.2.3-custom-72",
        "  12c  7.2.3-custom-72"
    ]
}

TASK [ravendb_diagnostic] ******************************************************
ok: [localhost]

TASK [ansible.builtin.debug] ***************************************************
ok: [localhost] => {
    "msg": [
        "filter compliance on 11a/db1:",
        "  allowed_prefixes: ['users/sink1/', 'orders/sink1/']",
        "  total sink docs: 404",
        "  leak ids (no allowed prefix matched): 0",
        "PASS  every sink doc matches an allowed prefix"
    ]
}

TASK [ravendb_diagnostic] ******************************************************
ok: [localhost]

TASK [ansible.builtin.debug] ***************************************************
ok: [localhost] => {
    "msg": [
        "filter compliance on 12a/db1:",
        "  allowed_prefixes: ['users/sink2/', 'orders/sink2/']",
        "  total sink docs: 396",
        "  leak ids (no allowed prefix matched): 0",
        "PASS  every sink doc matches an allowed prefix"
    ]
}

TASK [ravendb_diagnostic] ******************************************************
ok: [localhost]

TASK [ansible.builtin.debug] ***************************************************
ok: [localhost] => {
    "msg": [
        "cross-sink isolation check on 11a/db1:",
        "  forbidden_prefixes: ['users/sink2/', 'orders/sink2/']",
        "  probes: 200  leaks: 0",
        "PASS  no forbidden-prefix docs on this sink"
    ]
}

TASK [ravendb_diagnostic] ******************************************************
ok: [localhost]

TASK [ansible.builtin.debug] ***************************************************
ok: [localhost] => {
    "msg": [
        "cross-sink isolation check on 12a/db1:",
        "  forbidden_prefixes: ['users/sink1/', 'orders/sink1/']",
        "  probes: 200  leaks: 0",
        "PASS  no forbidden-prefix docs on this sink"
    ]
}

TASK [ravendb_diagnostic] ******************************************************
ok: [localhost]

TASK [ansible.builtin.debug] ***************************************************
ok: [localhost] => {
    "msg": [
        "lane-inert check (db=db1, 6 node(s), 7 prefix(es), 124 revisions sampled):",
        "  leaks (new-lane '|' in CV): 0",
        "  forensic: SupportedFeatures = ['ThrowRevisionKeyTooBigFix']",
        "PASS  no '|' in any sampled revision CV; new lane stayed inert"
    ]
}

PLAY [RPV-1 step 10 -- upgrade step 3 (3 nodes from upgrade_step_3)] ***********

TASK [ansible.builtin.debug] ***************************************************
ok: [localhost] => {
    "msg": "==== step 10 -- upgrade step 3 (['12a', '10c', '11b']) ===="
}

TASK [Upgrade each node + wait for member] *************************************
ASYNC POLL on localhost: jid=j147461884537.450699 started=1 finished=0
ASYNC OK on localhost: jid=j147461884537.450699
changed: [localhost] => (item=12a)
ASYNC POLL on localhost: jid=j306272088905.475123 started=1 finished=0
ASYNC OK on localhost: jid=j306272088905.475123
changed: [localhost] => (item=10c)
ASYNC POLL on localhost: jid=j105780522706.499530 started=1 finished=0
ASYNC OK on localhost: jid=j105780522706.499530
changed: [localhost] => (item=11b)

PLAY [RPV-1 step 11 -- endpoint checkpoint (drain + I-13 suite)] ***************

TASK [ravendb_wait] ************************************************************
ok: [localhost]

TASK [ansible.builtin.debug] ***************************************************
ok: [localhost] => {
    "msg": "MARKER PROPAGATED -- 'users/sink1/marker-1780777641938036471-4129' reached every target ['11a', '11b', '11c'] from 10a (took 6.2s)"
}

TASK [ravendb_wait] ************************************************************
ok: [localhost]

TASK [ansible.builtin.debug] ***************************************************
ok: [localhost] => {
    "msg": "MARKER PROPAGATED -- 'users/sink2/marker-1780777649939304410-13905' reached every target ['12a', '12b', '12c'] from 10a (took 6.3s)"
}

TASK [ravendb_diagnostic] ******************************************************
ok: [localhost]

TASK [ansible.builtin.debug] ***************************************************
ok: [localhost] => {
    "msg": [
        "schema/build version per node:",
        "  10a  7.2.3-custom-72",
        "  10b  7.2.3-custom-72",
        "  10c  7.2.3-custom-72",
        "  11a  7.2.3-custom-72",
        "  11b  7.2.3-custom-72",
        "  11c  7.2.3-custom-72",
        "  12a  7.2.3-custom-72",
        "  12b  7.2.3-custom-72",
        "  12c  7.2.3-custom-72",
        "DatabaseRecord.SupportedFeatures (via 10a): ['ThrowRevisionKeyTooBigFix']"
    ]
}

TASK [ravendb_diagnostic] ******************************************************
ok: [localhost]

TASK [ansible.builtin.debug] ***************************************************
ok: [localhost] => {
    "msg": [
        "filter compliance on 11a/db1:",
        "  allowed_prefixes: ['users/sink1/', 'orders/sink1/']",
        "  total sink docs: 409",
        "  leak ids (no allowed prefix matched): 0",
        "PASS  every sink doc matches an allowed prefix"
    ]
}

TASK [ravendb_diagnostic] ******************************************************
ok: [localhost]

TASK [ansible.builtin.debug] ***************************************************
ok: [localhost] => {
    "msg": [
        "filter compliance on 12a/db1:",
        "  allowed_prefixes: ['users/sink2/', 'orders/sink2/']",
        "  total sink docs: 401",
        "  leak ids (no allowed prefix matched): 0",
        "PASS  every sink doc matches an allowed prefix"
    ]
}

TASK [ravendb_diagnostic] ******************************************************
ok: [localhost]

TASK [ansible.builtin.debug] ***************************************************
ok: [localhost] => {
    "msg": [
        "cross-sink isolation check on 11a/db1:",
        "  forbidden_prefixes: ['users/sink2/', 'orders/sink2/']",
        "  probes: 200  leaks: 0",
        "PASS  no forbidden-prefix docs on this sink"
    ]
}

TASK [ravendb_diagnostic] ******************************************************
ok: [localhost]

TASK [ansible.builtin.debug] ***************************************************
ok: [localhost] => {
    "msg": [
        "cross-sink isolation check on 12a/db1:",
        "  forbidden_prefixes: ['users/sink1/', 'orders/sink1/']",
        "  probes: 200  leaks: 0",
        "PASS  no forbidden-prefix docs on this sink"
    ]
}

TASK [ravendb_diagnostic] ******************************************************
ok: [localhost]

TASK [ansible.builtin.debug] ***************************************************
ok: [localhost] => {
    "msg": [
        "CV-boundary by dbid (db=db1):",
        "  source dbids:   ['+xQATZlmKkOY6V7IcnEU7Q', 'LvHQFSI8rkS3AYh98eDFEg', 'tMPjLTn8rkmwtLsHMbv8XQ']",
        "  receiver dbids: ['GVtSeb00jEWxFX5DIy3fmw', 'LHy8C/VJo0G1KSUtNP1arw', 'gjlDXwKAikO6QoZi+Lt82w']",
        "  11a  LEGACY raw CV (no '|') -- N/A on this CV form",
        "  11b  LEGACY raw CV (no '|') -- N/A on this CV form",
        "  11c  LEGACY raw CV (no '|') -- N/A on this CV form",
        "PASS  no source dbids on any receiver's order side"
    ]
}

TASK [ravendb_diagnostic] ******************************************************
ok: [localhost]

TASK [ansible.builtin.debug] ***************************************************
ok: [localhost] => {
    "msg": [
        "CV-boundary by dbid (db=db1):",
        "  source dbids:   ['+xQATZlmKkOY6V7IcnEU7Q', 'LvHQFSI8rkS3AYh98eDFEg', 'tMPjLTn8rkmwtLsHMbv8XQ']",
        "  receiver dbids: ['Q7vpWHc3qUanCSVSAgpFgA', 'cjyDMxHY5UqeXZCfDFU4Bg', 'rDhDPi/0DkOV3QCRe7gJ9A']",
        "  12a  LEGACY raw CV (no '|') -- N/A on this CV form",
        "  12b  LEGACY raw CV (no '|') -- N/A on this CV form",
        "  12c  LEGACY raw CV (no '|') -- N/A on this CV form",
        "PASS  no source dbids on any receiver's order side"
    ]
}

PLAY [Assert a background workload is still alive (pidfile + kill -0)] *********

TASK [Validate inputs] *********************************************************
ok: [localhost] => {
    "changed": false,
    "msg": "All assertions passed"
}

TASK [Probe pidfile + recorded PID] ********************************************
ok: [localhost]

TASK [Dump worker debug log on failure (if present)] ***************************
skipping: [localhost]

TASK [Show worker debug log] ***************************************************
skipping: [localhost]

TASK [Assert workload is alive] ************************************************
ok: [localhost] => {
    "changed": false,
    "msg": "WORKLOAD ALIVE  pidfile=/tmp/w1-10a-db1.pid  ALIVE pid=301810"
}

PLAY [Assert a background workload is still alive (pidfile + kill -0)] *********

TASK [Validate inputs] *********************************************************
ok: [localhost] => {
    "changed": false,
    "msg": "All assertions passed"
}

TASK [Probe pidfile + recorded PID] ********************************************
ok: [localhost]

TASK [Dump worker debug log on failure (if present)] ***************************
skipping: [localhost]

TASK [Show worker debug log] ***************************************************
skipping: [localhost]

TASK [Assert workload is alive] ************************************************
ok: [localhost] => {
    "changed": false,
    "msg": "WORKLOAD ALIVE  pidfile=/tmp/w2-10a-db1.pid  ALIVE pid=301837"
}

PLAY [Stop a background workload via its pidfile] ******************************

TASK [Validate inputs] *********************************************************
ok: [localhost] => {
    "changed": false,
    "msg": "All assertions passed"
}

TASK [TERM (then KILL after grace) the pid in /tmp/w1-10a-db1.pid] *************
changed: [localhost]

TASK [Done] ********************************************************************
ok: [localhost] => {
    "msg": "WORKLOAD STOPPED  pid=301810  pidfile=/tmp/w1-10a-db1.pid"
}

PLAY [Stop a background workload via its pidfile] ******************************

TASK [Validate inputs] *********************************************************
ok: [localhost] => {
    "changed": false,
    "msg": "All assertions passed"
}

TASK [TERM (then KILL after grace) the pid in /tmp/w2-10a-db1.pid] *************
changed: [localhost]

TASK [Done] ********************************************************************
ok: [localhost] => {
    "msg": "WORKLOAD STOPPED  pid=301837  pidfile=/tmp/w2-10a-db1.pid"
}

PLAY [RPV-1 step 12 -- final convergence + deep parity (quiet cluster)] ********

TASK [ravendb_wait] ************************************************************
ok: [localhost]

TASK [ansible.builtin.debug] ***************************************************
ok: [localhost] => {
    "msg": [
        "STABLE -- LastDatabaseEtag unchanged across 3 node(s) (skipped=[], took 0.0s)",
        "  sample 1 (23:27:52):",
        "    10a  4016",
        "    10b  3728",
        "    10c  3730",
        "  sample 2 (23:27:52):",
        "    10a  4016",
        "    10b  3728",
        "    10c  3730"
    ]
}

TASK [ravendb_wait] ************************************************************
ok: [localhost]

TASK [ansible.builtin.debug] ***************************************************
ok: [localhost] => {
    "msg": [
        "STABLE -- LastDatabaseEtag unchanged across 3 node(s) (skipped=[], took 0.0s)",
        "  sample 1 (23:27:52):",
        "    11a  1038",
        "    11b  1038",
        "    11c  1039",
        "  sample 2 (23:27:52):",
        "    11a  1038",
        "    11b  1038",
        "    11c  1039"
    ]
}

TASK [ravendb_wait] ************************************************************
ok: [localhost]

TASK [ansible.builtin.debug] ***************************************************
ok: [localhost] => {
    "msg": [
        "STABLE -- LastDatabaseEtag unchanged across 3 node(s) (skipped=[], took 0.0s)",
        "  sample 1 (23:27:52):",
        "    12a  1048",
        "    12b  1048",
        "    12c  1048",
        "  sample 2 (23:27:52):",
        "    12a  1048",
        "    12b  1048",
        "    12c  1048"
    ]
}

TASK [ravendb_wait] ************************************************************
ok: [localhost]

TASK [ansible.builtin.debug] ***************************************************
ok: [localhost] => {
    "msg": [
        "PARITY -- fields ['CountOfTombstones'] match across 3 node(s) (skipped=[], took 0.0s):",
        "  CountOfTombstones = 93"
    ]
}

TASK [ravendb_wait] ************************************************************
ok: [localhost]

TASK [ansible.builtin.debug] ***************************************************
ok: [localhost] => {
    "msg": [
        "PARITY -- fields ['CountOfTombstones'] match across 3 node(s) (skipped=[], took 262.1s):",
        "  CountOfTombstones = 0"
    ]
}

TASK [ravendb_wait] ************************************************************
ok: [localhost]

TASK [ansible.builtin.debug] ***************************************************
ok: [localhost] => {
    "msg": [
        "PARITY -- fields ['CountOfTombstones'] match across 3 node(s) (skipped=[], took 0.0s):",
        "  CountOfTombstones = 0"
    ]
}

TASK [ravendb_diagnostic] ******************************************************
ok: [localhost]

TASK [ansible.builtin.debug] ***************************************************
ok: [localhost] => {
    "msg": [
        "/stats parity  db=db1  nodes=['10a', '10b', '10c']",
        "field                                 10a ,       10b ,       10c  status",
        "CountOfAttachments                    134 ,       134 ,       134  OK",
        "CountOfConflicts                        0 ,         0 ,         0  OK",
        "CountOfCounterEntries                  54 ,        54 ,        54  OK (info)",
        "CountOfDocuments                     1427 ,      1427 ,      1427  OK",
        "CountOfDocumentsConflicts               0 ,         0 ,         0  OK",
        "CountOfRemoteAttachments                0 ,         0 ,         0  OK",
        "CountOfRevisionDocuments             1643 ,      1643 ,      1643  OK",
        "CountOfTimeSeriesDeletedRanges          0 ,         0 ,         0  OK",
        "CountOfTimeSeriesSegments              30 ,        30 ,        30  OK (info)",
        "CountOfTombstones                      93 ,        93 ,        93  OK",
        "CountOfUniqueAttachments               66 ,        66 ,        66  OK",
        "SizeOnDisk                      402784256 , 402784256 , 402784256  info",
        "PASS  every asserted field is parity-equal across ['10a', '10b', '10c']"
    ]
}

TASK [ravendb_diagnostic] ******************************************************
ok: [localhost]

TASK [ansible.builtin.debug] ***************************************************
ok: [localhost] => {
    "msg": [
        "/stats parity  db=db1  nodes=['11a', '11b', '11c']",
        "field                                11a ,      11b ,      11c  status",
        "CountOfAttachments                    34 ,       34 ,       34  OK",
        "CountOfConflicts                       0 ,        0 ,        0  OK",
        "CountOfCounterEntries                 15 ,       15 ,       15  OK (info)",
        "CountOfDocuments                     409 ,      409 ,      409  OK",
        "CountOfDocumentsConflicts              0 ,        0 ,        0  OK",
        "CountOfRemoteAttachments               0 ,        0 ,        0  OK",
        "CountOfRevisionDocuments             463 ,      463 ,      463  OK",
        "CountOfTimeSeriesDeletedRanges         0 ,        0 ,        0  OK",
        "CountOfTimeSeriesSegments             10 ,       10 ,       10  OK (info)",
        "CountOfTombstones                      0 ,        0 ,        0  OK",
        "CountOfUniqueAttachments              17 ,       17 ,       17  OK",
        "SizeOnDisk                      69337088 , 69337088 , 69337088  info",
        "PASS  every asserted field is parity-equal across ['11a', '11b', '11c']"
    ]
}

TASK [ravendb_diagnostic] ******************************************************
ok: [localhost]

TASK [ansible.builtin.debug] ***************************************************
ok: [localhost] => {
    "msg": [
        "/stats parity  db=db1  nodes=['12a', '12b', '12c']",
        "field                                12a ,      12b ,      12c  status",
        "CountOfAttachments                    41 ,       41 ,       41  OK",
        "CountOfConflicts                       0 ,        0 ,        0  OK",
        "CountOfCounterEntries                 11 ,       11 ,       11  OK (info)",
        "CountOfDocuments                     402 ,      402 ,      402  OK",
        "CountOfDocumentsConflicts              0 ,        0 ,        0  OK",
        "CountOfRemoteAttachments               0 ,        0 ,        0  OK",
        "CountOfRevisionDocuments             467 ,      467 ,      467  OK",
        "CountOfTimeSeriesDeletedRanges         0 ,        0 ,        0  OK",
        "CountOfTimeSeriesSegments              4 ,        4 ,        4  OK (info)",
        "CountOfTombstones                      0 ,        0 ,        0  OK",
        "CountOfUniqueAttachments              20 ,       20 ,       20  OK",
        "SizeOnDisk                      69337088 , 71434240 , 69337088  info",
        "PASS  every asserted field is parity-equal across ['12a', '12b', '12c']"
    ]
}

TASK [ravendb_diagnostic] ******************************************************
ok: [localhost]

TASK [ansible.builtin.debug] ***************************************************
ok: [localhost] => {
    "msg": [
        "revision-count parity: 10 id(s) across ['10a', '10b', '10c']",
        "  per-id counts (first 10):",
        "    users/hub/0           [1, 1, 1]",
        "    users/hub/1           [1, 1, 1]",
        "    users/hub/2           [1, 1, 1]",
        "    users/hub/3           [2, 2, 2]",
        "    users/hub/4           [1, 1, 1]",
        "    users/hub/5           [2, 2, 2]",
        "    users/hub/6           [1, 1, 1]",
        "    users/hub/7           [1, 1, 1]",
        "    users/hub/8           [1, 1, 1]",
        "    users/hub/9           [2, 2, 2]",
        "  mismatched: 0",
        "PASS  per-id revision counts agree across nodes"
    ]
}

TASK [ravendb_diagnostic] ******************************************************
ok: [localhost]

TASK [ansible.builtin.debug] ***************************************************
ok: [localhost] => {
    "msg": [
        "orphan revisions adopted per node:",
        "  10a  0",
        "  10b  0",
        "  10c  0",
        "PASS  no orphan revisions on any node"
    ]
}

TASK [ravendb_diagnostic] ******************************************************
ok: [localhost]

TASK [ansible.builtin.debug] ***************************************************
ok: [localhost] => {
    "msg": [
        "doc-id-set parity: 10 id(s) probed across ['11a', '11b', '11c']",
        "  mismatched: 0",
        "PASS  every probe id is uniformly present or uniformly absent"
    ]
}

TASK [ravendb_diagnostic] ******************************************************
ok: [localhost]

TASK [ansible.builtin.debug] ***************************************************
ok: [localhost] => {
    "msg": [
        "doc-id-set parity: 10 id(s) probed across ['11a', '11b', '11c']",
        "  mismatched: 0",
        "PASS  every probe id is uniformly present or uniformly absent"
    ]
}

TASK [ravendb_diagnostic] ******************************************************
ok: [localhost]

TASK [ansible.builtin.debug] ***************************************************
ok: [localhost] => {
    "msg": [
        "doc-id-set parity: 10 id(s) probed across ['12a', '12b', '12c']",
        "  mismatched: 0",
        "PASS  every probe id is uniformly present or uniformly absent"
    ]
}

TASK [ravendb_diagnostic] ******************************************************
ok: [localhost]

TASK [ansible.builtin.debug] ***************************************************
ok: [localhost] => {
    "msg": [
        "doc-id-set parity: 10 id(s) probed across ['12a', '12b', '12c']",
        "  mismatched: 0",
        "PASS  every probe id is uniformly present or uniformly absent"
    ]
}

TASK [ravendb_diagnostic] ******************************************************
ok: [localhost]

TASK [ansible.builtin.debug] ***************************************************
ok: [localhost] => {
    "msg": [
        "doc-id-set parity: 10 id(s) probed across ['10a', '10b', '10c']",
        "  mismatched: 0",
        "PASS  every probe id is uniformly present or uniformly absent"
    ]
}

TASK [ravendb_diagnostic] ******************************************************
ok: [localhost]

TASK [ansible.builtin.debug] ***************************************************
ok: [localhost] => {
    "msg": [
        "doc-id-set parity: 10 id(s) probed across ['10a', '10b', '10c']",
        "  mismatched: 0",
        "PASS  every probe id is uniformly present or uniformly absent"
    ]
}

TASK [ravendb_diagnostic] ******************************************************
ok: [localhost]

TASK [ansible.builtin.debug] ***************************************************
ok: [localhost] => {
    "msg": [
        "doc-id-set parity: 10 id(s) probed across ['10a', '10b', '10c']",
        "  mismatched: 0",
        "PASS  every probe id is uniformly present or uniformly absent"
    ]
}

TASK [ravendb_diagnostic] ******************************************************
ok: [localhost]

TASK [ansible.builtin.debug] ***************************************************
ok: [localhost] => {
    "msg": [
        "filter compliance on 11a/db1:",
        "  allowed_prefixes: ['users/sink1/', 'orders/sink1/']",
        "  total sink docs: 409",
        "  leak ids (no allowed prefix matched): 0",
        "PASS  every sink doc matches an allowed prefix"
    ]
}

TASK [ravendb_diagnostic] ******************************************************
ok: [localhost]

TASK [ansible.builtin.debug] ***************************************************
ok: [localhost] => {
    "msg": [
        "filter compliance on 12a/db1:",
        "  allowed_prefixes: ['users/sink2/', 'orders/sink2/']",
        "  total sink docs: 402",
        "  leak ids (no allowed prefix matched): 0",
        "PASS  every sink doc matches an allowed prefix"
    ]
}

TASK [ravendb_diagnostic] ******************************************************
ok: [localhost]

TASK [ansible.builtin.debug] ***************************************************
ok: [localhost] => {
    "msg": [
        "cross-sink isolation check on 11a/db1:",
        "  forbidden_prefixes: ['users/sink2/', 'orders/sink2/']",
        "  probes: 200  leaks: 0",
        "PASS  no forbidden-prefix docs on this sink"
    ]
}

TASK [ravendb_diagnostic] ******************************************************
ok: [localhost]

TASK [ansible.builtin.debug] ***************************************************
ok: [localhost] => {
    "msg": [
        "cross-sink isolation check on 12a/db1:",
        "  forbidden_prefixes: ['users/sink1/', 'orders/sink1/']",
        "  probes: 200  leaks: 0",
        "PASS  no forbidden-prefix docs on this sink"
    ]
}

PLAY [RPV-1 -- DONE] ***********************************************************

TASK [ansible.builtin.debug] ***************************************************
ok: [localhost] => {
    "msg": "RPV-1 PASS  hub=[10a,10b,10c] sink-1=[11a,11b,11c] sink-2=[12a,12b,12c] db=db1 cross-cluster rolling upgrade + filter geometry + CV-boundary all held"
}

PLAY RECAP *********************************************************************
localhost                  : ok=193  changed=24   unreachable=0    failed=0    skipped=7    rescued=0    ignored=0   


[1;36m[23:32:47] RPV-1 done[0m
