TASK [Print the final cluster layout (tag / container / url per cluster)] ******
ok: [localhost] => {
    "msg": [
        "================================================================",
        "  Formed 3 cluster(s) with 9 node(s) (on rpv1B)",
        "================================================================",
        "",
        "  Cluster 7",
        "    tag   container   url",
        "    A     7a          https://7a.hubsink.test:443",
        "    B     7b          https://7b.hubsink.test:443",
        "    C     7c          https://7c.hubsink.test:443",
        "",
        "  Cluster 8",
        "    tag   container   url",
        "    A     8a          https://8a.hubsink.test:443",
        "    B     8b          https://8b.hubsink.test:443",
        "    C     8c          https://8c.hubsink.test:443",
        "",
        "  Cluster 9",
        "    tag   container   url",
        "    A     9a          https://9a.hubsink.test:443",
        "    B     9b          https://9b.hubsink.test:443",
        "    C     9c          https://9c.hubsink.test:443",
        "",
        "================================================================"
    ]
}

PLAY RECAP *********************************************************************
7a                         : ok=2    changed=1    unreachable=0    failed=0    skipped=0    rescued=0    ignored=0   
7b                         : ok=2    changed=1    unreachable=0    failed=0    skipped=0    rescued=0    ignored=0   
7c                         : ok=2    changed=1    unreachable=0    failed=0    skipped=0    rescued=0    ignored=0   
8a                         : ok=2    changed=1    unreachable=0    failed=0    skipped=0    rescued=0    ignored=0   
8b                         : ok=2    changed=1    unreachable=0    failed=0    skipped=0    rescued=0    ignored=0   
8c                         : ok=2    changed=1    unreachable=0    failed=0    skipped=0    rescued=0    ignored=0   
9a                         : ok=2    changed=1    unreachable=0    failed=0    skipped=0    rescued=0    ignored=0   
9b                         : ok=2    changed=1    unreachable=0    failed=0    skipped=0    rescued=0    ignored=0   
9c                         : ok=2    changed=1    unreachable=0    failed=0    skipped=0    rescued=0    ignored=0   
localhost                  : ok=16   changed=2    unreachable=0    failed=0    skipped=2    rescued=0    ignored=0   


[1;36m[23:14:45] rpv1[0m

PLAY [Stop a background workload via its pidfile] ******************************

TASK [Validate inputs] *********************************************************
ok: [localhost] => {
    "changed": false,
    "msg": "All assertions passed"
}

TASK [TERM (then KILL after grace) the pid in /tmp/w1-7a-db1.pid] **************
changed: [localhost]

TASK [Done] ********************************************************************
ok: [localhost] => {
    "msg": "WORKLOAD ALREADY EXITED  no pidfile at /tmp/w1-7a-db1.pid"
}

PLAY [Stop a background workload via its pidfile] ******************************

TASK [Validate inputs] *********************************************************
ok: [localhost] => {
    "changed": false,
    "msg": "All assertions passed"
}

TASK [TERM (then KILL after grace) the pid in /tmp/w2-7a-db1.pid] **************
changed: [localhost]

TASK [Done] ********************************************************************
ok: [localhost] => {
    "msg": "WORKLOAD ALREADY EXITED  no pidfile at /tmp/w2-7a-db1.pid"
}

PLAY [RPV-1 pre -- validate inputs + show plan] ********************************

TASK [Validate inputs] *********************************************************
ok: [localhost] => {
    "changed": false,
    "msg": "All assertions passed"
}

TASK [Show plan] ***************************************************************
ok: [localhost] => {
    "msg": "RPV-1  v_old=6.2.15  v_new_build=/mnt/c/dev/hub-sink/ansible-ravendb-chaos/builds/raven-pr22875.deb 
    upgrade_step_1=['7a', '7b', '7c'] 
    upgrade_step_2=['8a', '8b', '8c'] 
    upgrade_step_3=['9a', '9b', '9c']"
}

PLAY [Ensure ravendb python client is available on the controller] *************

TASK [Gathering Facts] *********************************************************
ok: [localhost]

TASK [Probe existing venv for ravendb module] **********************************
ok: [localhost]

TASK [Reuse existing venv -- skip the prereqs role] ****************************
ok: [localhost]

TASK [Install ravendb python client prerequisites (one-time / forced)] *********
skipping: [localhost]

PLAY [Create a database via the ravendb.ravendb.database module] ***************

TASK [Validate inputs] *********************************************************
ok: [localhost] => {
    "changed": false,
    "msg": "All assertions passed"
}

TASK [Create database] *********************************************************
changed: [localhost]

TASK [Done] ********************************************************************
ok: [localhost] => {
    "msg": "CREATED  db1 on cluster reachable via 7a (replication_factor=3)"
}

PLAY [Ensure ravendb python client is available on the controller] *************

TASK [Gathering Facts] *********************************************************
ok: [localhost]

TASK [Probe existing venv for ravendb module] **********************************
ok: [localhost]

TASK [Reuse existing venv -- skip the prereqs role] ****************************
ok: [localhost]

TASK [Install ravendb python client prerequisites (one-time / forced)] *********
skipping: [localhost]

PLAY [Create a database via the ravendb.ravendb.database module] ***************

TASK [Validate inputs] *********************************************************
ok: [localhost] => {
    "changed": false,
    "msg": "All assertions passed"
}

TASK [Create database] *********************************************************
changed: [localhost]

TASK [Done] ********************************************************************
ok: [localhost] => {
    "msg": "CREATED  db1 on cluster reachable via 8a (replication_factor=3)"
}

PLAY [Ensure ravendb python client is available on the controller] *************

TASK [Gathering Facts] *********************************************************
ok: [localhost]

TASK [Probe existing venv for ravendb module] **********************************
ok: [localhost]

TASK [Reuse existing venv -- skip the prereqs role] ****************************
ok: [localhost]

TASK [Install ravendb python client prerequisites (one-time / forced)] *********
skipping: [localhost]

PLAY [Create a database via the ravendb.ravendb.database module] ***************

TASK [Validate inputs] *********************************************************
ok: [localhost] => {
    "changed": false,
    "msg": "All assertions passed"
}

TASK [Create database] *********************************************************
changed: [localhost]

TASK [Done] ********************************************************************
ok: [localhost] => {
    "msg": "CREATED  db1 on cluster reachable via 9a (replication_factor=3)"
}

PLAY [RPV-1 step 1 -- per-collection revisions config (Users / Orders / Internal)] ***

TASK [ravendb_revisions] *******************************************************
changed: [localhost]

TASK [ansible.builtin.debug] ***************************************************
ok: [localhost] => {
    "msg": "REVISIONS configured on 7a/db1 -- per-collection=['Users', 'Orders', 'Internal']  Default.MinimumRevisionsToKeep=25  Default.MinimumRevisionAgeToKeep=21600s"
}

TASK [ravendb_revisions] *******************************************************
changed: [localhost]

TASK [ansible.builtin.debug] ***************************************************
ok: [localhost] => {
    "msg": "REVISIONS configured on 8a/db1 -- per-collection=['Users', 'Orders', 'Internal']  Default.MinimumRevisionsToKeep=25  Default.MinimumRevisionAgeToKeep=21600s"
}

TASK [ravendb_revisions] *******************************************************
changed: [localhost]

TASK [ansible.builtin.debug] ***************************************************
ok: [localhost] => {
    "msg": "REVISIONS configured on 9a/db1 -- per-collection=['Users', 'Orders', 'Internal']  Default.MinimumRevisionsToKeep=25  Default.MinimumRevisionAgeToKeep=21600s"
}

PLAY [RPV-1 step 2 -- wire filtered pull (Hub -> Sink-1 + Sink-2)] *************

TASK [ravendb_tasks] ***********************************************************
changed: [localhost]

TASK [ansible.builtin.debug] ***************************************************
ok: [localhost] => {
    "msg": "DEFINED hub task 'rpv1-hub' on 7a + access entries for sinks ['8', '9'] (PFXs in /mnt/c/dev/hub-sink/ansible-ravendb-chaos/scenarios/company-1/RPV1/../../../replication-certs)"
}

TASK [ravendb_tasks] ***********************************************************
changed: [localhost]

TASK [ansible.builtin.debug] ***************************************************
ok: [localhost] => {
    "msg": "ATTACHED sinks ['8', '9'] to hub task 'rpv1-hub' on database 'db1' (leader URLs ['https://8a.hubsink.test:443', 'https://9a.hubsink.test:443'])"
}

PLAY [RPV-1 step 3 -- seed Hub with 7 prefix buckets, then wait for filtered drain] ***

TASK [ravendb_writes] **********************************************************
changed: [localhost]

TASK [ansible.builtin.debug] ***************************************************
ok: [localhost] => {
    "msg": "WROTE 200/200 PUTs to 7a/db1 (200 docs x 1 revisions each, id prefix 'users/sink1', collection 'Users')"
}

TASK [ravendb_writes] **********************************************************
changed: [localhost]

TASK [ansible.builtin.debug] ***************************************************
ok: [localhost] => {
    "msg": "WROTE 200/200 PUTs to 7a/db1 (200 docs x 1 revisions each, id prefix 'users/sink2', collection 'Users')"
}

TASK [ravendb_writes] **********************************************************
changed: [localhost]

TASK [ansible.builtin.debug] ***************************************************
ok: [localhost] => {
    "msg": "WROTE 200/200 PUTs to 7a/db1 (200 docs x 1 revisions each, id prefix 'users/hub', collection 'Users')"
}

TASK [ravendb_writes] **********************************************************
changed: [localhost]

TASK [ansible.builtin.debug] ***************************************************
ok: [localhost] => {
    "msg": "WROTE 200/200 PUTs to 7a/db1 (200 docs x 1 revisions each, id prefix 'orders/sink1', collection 'Orders')"
}

TASK [ravendb_writes] **********************************************************
changed: [localhost]

TASK [ansible.builtin.debug] ***************************************************
ok: [localhost] => {
    "msg": "WROTE 200/200 PUTs to 7a/db1 (200 docs x 1 revisions each, id prefix 'orders/sink2', collection 'Orders')"
}

TASK [ravendb_writes] **********************************************************
changed: [localhost]

TASK [ansible.builtin.debug] ***************************************************
ok: [localhost] => {
    "msg": "WROTE 200/200 PUTs to 7a/db1 (200 docs x 1 revisions each, id prefix 'orders/hub', collection 'Orders')"
}

TASK [ravendb_writes] **********************************************************
changed: [localhost]

TASK [ansible.builtin.debug] ***************************************************
ok: [localhost] => {
    "msg": "WROTE 200/200 PUTs to 7a/db1 (200 docs x 1 revisions each, id prefix 'Internal', collection 'Internal')"
}

TASK [ravendb_wait] ************************************************************
ok: [localhost]

TASK [ansible.builtin.debug] ***************************************************
ok: [localhost] => {
    "msg": [
        "QUIESCENT -- 3 node(s) agree on DatabaseChangeVector (skipped=[], took 16.5s):",
        "  C:2800-ADYdM3y6CEq+eFBIq+L2Ug, A:2800-s7HnUbQwt0ajfc6FNwwLgg, B:2800-zRyW5iS7OUyjtYhnsCsmuQ"
    ]
}

TASK [ravendb_wait] ************************************************************
ok: [localhost]

TASK [ansible.builtin.debug] ***************************************************
ok: [localhost] => {
    "msg": "MARKER PROPAGATED -- 'users/sink1/marker-1780776985528725669-56803' reached every target ['8a', '8b', '8c'] from 7a (took 12.4s)"
}

TASK [ravendb_wait] ************************************************************
ok: [localhost]

TASK [ansible.builtin.debug] ***************************************************
ok: [localhost] => {
    "msg": "MARKER PROPAGATED -- 'users/sink2/marker-1780776998247932983-77124' reached every target ['9a', '9b', '9c'] from 7a (took 14.4s)"
}

PLAY [RPV-1 step 4 -- T0 baseline checkpoint] **********************************

TASK [ravendb_diagnostic] ******************************************************
ok: [localhost]

TASK [ansible.builtin.debug] ***************************************************
ok: [localhost] => {
    "msg": [
        "filter compliance on 8a/db1:",
        "  allowed_prefixes: ['users/sink1/', 'orders/sink1/']",
        "  total sink docs: 401",
        "  leak ids (no allowed prefix matched): 0",
        "PASS  every sink doc matches an allowed prefix"
    ]
}

TASK [ravendb_diagnostic] ******************************************************
ok: [localhost]

TASK [ansible.builtin.debug] ***************************************************
ok: [localhost] => {
    "msg": [
        "filter compliance on 9a/db1:",
        "  allowed_prefixes: ['users/sink2/', 'orders/sink2/']",
        "  total sink docs: 401",
        "  leak ids (no allowed prefix matched): 0",
        "PASS  every sink doc matches an allowed prefix"
    ]
}

TASK [ravendb_diagnostic] ******************************************************
ok: [localhost]

TASK [ansible.builtin.debug] ***************************************************
ok: [localhost] => {
    "msg": [
        "schema/build version per node:",
        "  7a  6.2.15",
        "  7b  6.2.15",
        "  7c  6.2.15",
        "  8a  6.2.15",
        "  8b  6.2.15",
        "  8c  6.2.15",
        "  9a  6.2.15",
        "  9b  6.2.15",
        "  9c  6.2.15"
    ]
}

TASK [ravendb_diagnostic] ******************************************************
ok: [localhost]

TASK [ansible.builtin.debug] ***************************************************
ok: [localhost] => {
    "msg": [
        "doc-id-set parity: 10 id(s) probed across ['8a', '8b', '8c']",
        "  mismatched: 0",
        "PASS  every probe id is uniformly present or uniformly absent"
    ]
}

TASK [ravendb_diagnostic] ******************************************************
ok: [localhost]

TASK [ansible.builtin.debug] ***************************************************
ok: [localhost] => {
    "msg": [
        "doc-id-set parity: 10 id(s) probed across ['9a', '9b', '9c']",
        "  mismatched: 0",
        "PASS  every probe id is uniformly present or uniformly absent"
    ]
}

TASK [ravendb_diagnostic] ******************************************************
ok: [localhost]

TASK [ansible.builtin.debug] ***************************************************
ok: [localhost] => {
    "msg": [
        "/stats parity  db=db1  nodes=['7a', '7b', '7c']",
        "field                                  7a ,        7b ,        7c  status",
        "CountOfAttachments                      0 ,         0 ,         0  OK",
        "CountOfConflicts                        0 ,         0 ,         0  OK",
        "CountOfCounterEntries                   0 ,         0 ,         0  OK (info)",
        "CountOfDocuments                     1402 ,      1402 ,      1402  OK",
        "CountOfDocumentsConflicts               0 ,         0 ,         0  OK",
        "CountOfRemoteAttachments                0 ,         0 ,         0  OK",
        "CountOfRevisionDocuments             1402 ,      1402 ,      1402  OK",
        "CountOfTimeSeriesDeletedRanges          0 ,         0 ,         0  OK",
        "CountOfTimeSeriesSegments               0 ,         0 ,         0  OK (info)",
        "CountOfTombstones                       0 ,         0 ,         0  OK",
        "CountOfUniqueAttachments                0 ,         0 ,         0  OK",
        "SizeOnDisk                      335675392 , 335675392 , 335675392  info",
        "PASS  every asserted field is parity-equal across ['7a', '7b', '7c']"
    ]
}

TASK [ravendb_diagnostic] ******************************************************
ok: [localhost]

TASK [ansible.builtin.debug] ***************************************************
ok: [localhost] => {
    "msg": [
        "/stats parity  db=db1  nodes=['8a', '8b', '8c']",
        "field                                 8a ,       8b ,       8c  status",
        "CountOfAttachments                     0 ,        0 ,        0  OK",
        "CountOfConflicts                       0 ,        0 ,        0  OK",
        "CountOfCounterEntries                  0 ,        0 ,        0  OK (info)",
        "CountOfDocuments                     401 ,      401 ,      401  OK",
        "CountOfDocumentsConflicts              0 ,        0 ,        0  OK",
        "CountOfRemoteAttachments               0 ,        0 ,        0  OK",
        "CountOfRevisionDocuments             401 ,      401 ,      401  OK",
        "CountOfTimeSeriesDeletedRanges         0 ,        0 ,        0  OK",
        "CountOfTimeSeriesSegments              0 ,        0 ,        0  OK (info)",
        "CountOfTombstones                      0 ,        0 ,        0  OK",
        "CountOfUniqueAttachments               0 ,        0 ,        0  OK",
        "SizeOnDisk                      67764224 , 34611200 , 67764224  info",
        "PASS  every asserted field is parity-equal across ['8a', '8b', '8c']"
    ]
}

TASK [ravendb_diagnostic] ******************************************************
ok: [localhost]

TASK [ansible.builtin.debug] ***************************************************
ok: [localhost] => {
    "msg": [
        "/stats parity  db=db1  nodes=['9a', '9b', '9c']",
        "field                                 9a ,       9b ,       9c  status",
        "CountOfAttachments                     0 ,        0 ,        0  OK",
        "CountOfConflicts                       0 ,        0 ,        0  OK",
        "CountOfCounterEntries                  0 ,        0 ,        0  OK (info)",
        "CountOfDocuments                     401 ,      401 ,      401  OK",
        "CountOfDocumentsConflicts              0 ,        0 ,        0  OK",
        "CountOfRemoteAttachments               0 ,        0 ,        0  OK",
        "CountOfRevisionDocuments             401 ,      401 ,      401  OK",
        "CountOfTimeSeriesDeletedRanges         0 ,        0 ,        0  OK",
        "CountOfTimeSeriesSegments              0 ,        0 ,        0  OK (info)",
        "CountOfTombstones                      0 ,        0 ,        0  OK",
        "CountOfUniqueAttachments               0 ,        0 ,        0  OK",
        "SizeOnDisk                      35135488 , 35135488 , 35135488  info",
        "PASS  every asserted field is parity-equal across ['9a', '9b', '9c']"
    ]
}

PLAY [RPV-1 step 5 -- start W-1 + W-2 in background on Hub] ********************

TASK [Launch W-1 (doc CRUD churn, 7-bucket 40/40/20 split, background async)] ***
changed: [localhost]

TASK [Launch W-2 (doc-extension churn, same 7-bucket 40/40/20 split, background async)] ***
[WARNING]: Found variable using reserved name: timeout
changed: [localhost]

PLAY [Wait for a background workload's pidfile to appear] **********************

TASK [Validate inputs] *********************************************************
ok: [localhost] => {
    "changed": false,
    "msg": "All assertions passed"
}

TASK [Wait for /tmp/w1-7a-db1.pid to appear] ***********************************
ok: [localhost]

TASK [Done] ********************************************************************
ok: [localhost] => {
    "msg": "WORKLOAD STARTED  pidfile present at /tmp/w1-7a-db1.pid"
}

PLAY [Wait for a background workload's pidfile to appear] **********************

TASK [Validate inputs] *********************************************************
ok: [localhost] => {
    "changed": false,
    "msg": "All assertions passed"
}

TASK [Wait for /tmp/w2-7a-db1.pid to appear] ***********************************
ok: [localhost]

TASK [Done] ********************************************************************
ok: [localhost] => {
    "msg": "WORKLOAD STARTED  pidfile present at /tmp/w2-7a-db1.pid"
}

PLAY [RPV-1 step 6 -- upgrade step 1 (3 nodes from upgrade_step_1)] ************

TASK [ansible.builtin.debug] ***************************************************
ok: [localhost] => {
    "msg": "==== step 6 -- upgrade step 1 (['7a', '7b', '7c']) ===="
}

TASK [Upgrade each node + wait for member] *************************************
ASYNC POLL on localhost: jid=j562871880450.304061 started=1 finished=0
ASYNC OK on localhost: jid=j562871880450.304061
changed: [localhost] => (item=7a)
ASYNC POLL on localhost: jid=j877689044896.328471 started=1 finished=0
ASYNC OK on localhost: jid=j877689044896.328471
changed: [localhost] => (item=7b)
ASYNC POLL on localhost: jid=j210709982752.352871 started=1 finished=0
ASYNC OK on localhost: jid=j210709982752.352871
changed: [localhost] => (item=7c)

PLAY [RPV-1 step 7 -- Checkpoint A (drain + light checks)] *********************

TASK [ravendb_wait] ************************************************************
ok: [localhost]

TASK [ansible.builtin.debug] ***************************************************
ok: [localhost] => {
    "msg": "MARKER PROPAGATED -- 'users/sink1/marker-1780777205103461119-12229' reached every target ['8a', '8b', '8c'] from 7a (took 12.3s)"
}

TASK [ravendb_wait] ************************************************************
ok: [localhost]

TASK [ansible.builtin.debug] ***************************************************
ok: [localhost] => {
    "msg": "MARKER PROPAGATED -- 'users/sink2/marker-1780777218790294492-15096' reached every target ['9a', '9b', '9c'] from 7a (took 14.3s)"
}

TASK [ravendb_diagnostic] ******************************************************
ok: [localhost]

TASK [ansible.builtin.debug] ***************************************************
ok: [localhost] => {
    "msg": [
        "schema/build version per node:",
        "  7a  7.2.3-custom-72",
        "  7b  7.2.3-custom-72",
        "  7c  7.2.3-custom-72",
        "  8a  6.2.15",
        "  8b  6.2.15",
        "  8c  6.2.15",
        "  9a  6.2.15",
        "  9b  6.2.15",
        "  9c  6.2.15"
    ]
}

TASK [ravendb_diagnostic] ******************************************************
ok: [localhost]

TASK [ansible.builtin.debug] ***************************************************
ok: [localhost] => {
    "msg": [
        "filter compliance on 8a/db1:",
        "  allowed_prefixes: ['users/sink1/', 'orders/sink1/']",
        "  total sink docs: 402",
        "  leak ids (no allowed prefix matched): 0",
        "PASS  every sink doc matches an allowed prefix"
    ]
}

TASK [ravendb_diagnostic] ******************************************************
ok: [localhost]

TASK [ansible.builtin.debug] ***************************************************
ok: [localhost] => {
    "msg": [
        "filter compliance on 9a/db1:",
        "  allowed_prefixes: ['users/sink2/', 'orders/sink2/']",
        "  total sink docs: 405",
        "  leak ids (no allowed prefix matched): 0",
        "PASS  every sink doc matches an allowed prefix"
    ]
}

TASK [ravendb_diagnostic] ******************************************************
ok: [localhost]

TASK [ansible.builtin.debug] ***************************************************
ok: [localhost] => {
    "msg": [
        "cross-sink isolation check on 8a/db1:",
        "  forbidden_prefixes: ['users/sink2/', 'orders/sink2/']",
        "  probes: 200  leaks: 0",
        "PASS  no forbidden-prefix docs on this sink"
    ]
}

TASK [ravendb_diagnostic] ******************************************************
ok: [localhost]

TASK [ansible.builtin.debug] ***************************************************
ok: [localhost] => {
    "msg": [
        "cross-sink isolation check on 9a/db1:",
        "  forbidden_prefixes: ['users/sink1/', 'orders/sink1/']",
        "  probes: 200  leaks: 0",
        "PASS  no forbidden-prefix docs on this sink"
    ]
}

TASK [ravendb_diagnostic] ******************************************************
ok: [localhost]

TASK [ansible.builtin.debug] ***************************************************
ok: [localhost] => {
    "msg": [
        "lane-inert check (db=db1, 3 node(s), 7 prefix(es), 105 revisions sampled):",
        "  leaks (new-lane '|' in CV): 0",
        "  forensic: SupportedFeatures = ['ThrowRevisionKeyTooBigFix']",
        "PASS  no '|' in any sampled revision CV; new lane stayed inert"
    ]
}

PLAY [RPV-1 step 8 -- upgrade step 2 (3 nodes from upgrade_step_2)] ************

TASK [ansible.builtin.debug] ***************************************************
ok: [localhost] => {
    "msg": "==== step 8 -- upgrade step 2 (['8a', '8b', '8c']) ===="
}

TASK [Upgrade each node + wait for member] *************************************
ASYNC POLL on localhost: jid=j596870884348.378520 started=1 finished=0
ASYNC OK on localhost: jid=j596870884348.378520
changed: [localhost] => (item=8a)
ASYNC POLL on localhost: jid=j655520385829.402948 started=1 finished=0
ASYNC OK on localhost: jid=j655520385829.402948
changed: [localhost] => (item=8b)
ASYNC POLL on localhost: jid=j660522359122.427569 started=1 finished=0
ASYNC OK on localhost: jid=j660522359122.427569
changed: [localhost] => (item=8c)

PLAY [RPV-1 step 9 -- Checkpoint B (drain + light checks)] *********************

TASK [ravendb_wait] ************************************************************
ok: [localhost]

TASK [ansible.builtin.debug] ***************************************************
ok: [localhost] => {
    "msg": "MARKER PROPAGATED -- 'users/sink1/marker-1780777431413729666-35634' reached every target ['8a', '8b', '8c'] from 7a (took 8.2s)"
}

TASK [ravendb_wait] ************************************************************
ok: [localhost]

TASK [ansible.builtin.debug] ***************************************************
ok: [localhost] => {
    "msg": "MARKER PROPAGATED -- 'users/sink2/marker-1780777439923492971-27524' reached every target ['9a', '9b', '9c'] from 7a (took 10.2s)"
}

TASK [ravendb_diagnostic] ******************************************************
ok: [localhost]

TASK [ansible.builtin.debug] ***************************************************
ok: [localhost] => {
    "msg": [
        "schema/build version per node:",
        "  7a  7.2.3-custom-72",
        "  7b  7.2.3-custom-72",
        "  7c  7.2.3-custom-72",
        "  8a  7.2.3-custom-72",
        "  8b  7.2.3-custom-72",
        "  8c  7.2.3-custom-72",
        "  9a  6.2.15",
        "  9b  6.2.15",
        "  9c  6.2.15"
    ]
}

TASK [ravendb_diagnostic] ******************************************************
ok: [localhost]

TASK [ansible.builtin.debug] ***************************************************
ok: [localhost] => {
    "msg": [
        "filter compliance on 8a/db1:",
        "  allowed_prefixes: ['users/sink1/', 'orders/sink1/']",
        "  total sink docs: 409",
        "  leak ids (no allowed prefix matched): 0",
        "PASS  every sink doc matches an allowed prefix"
    ]
}

TASK [ravendb_diagnostic] ******************************************************
ok: [localhost]

TASK [ansible.builtin.debug] ***************************************************
ok: [localhost] => {
    "msg": [
        "filter compliance on 9a/db1:",
        "  allowed_prefixes: ['users/sink2/', 'orders/sink2/']",
        "  total sink docs: 404",
        "  leak ids (no allowed prefix matched): 0",
        "PASS  every sink doc matches an allowed prefix"
    ]
}

TASK [ravendb_diagnostic] ******************************************************
ok: [localhost]

TASK [ansible.builtin.debug] ***************************************************
ok: [localhost] => {
    "msg": [
        "cross-sink isolation check on 8a/db1:",
        "  forbidden_prefixes: ['users/sink2/', 'orders/sink2/']",
        "  probes: 200  leaks: 0",
        "PASS  no forbidden-prefix docs on this sink"
    ]
}

TASK [ravendb_diagnostic] ******************************************************
ok: [localhost]

TASK [ansible.builtin.debug] ***************************************************
ok: [localhost] => {
    "msg": [
        "cross-sink isolation check on 9a/db1:",
        "  forbidden_prefixes: ['users/sink1/', 'orders/sink1/']",
        "  probes: 200  leaks: 0",
        "PASS  no forbidden-prefix docs on this sink"
    ]
}

TASK [ravendb_diagnostic] ******************************************************
ok: [localhost]

TASK [ansible.builtin.debug] ***************************************************
ok: [localhost] => {
    "msg": [
        "lane-inert check (db=db1, 6 node(s), 7 prefix(es), 141 revisions sampled):",
        "  leaks (new-lane '|' in CV): 0",
        "  forensic: SupportedFeatures = ['ThrowRevisionKeyTooBigFix']",
        "PASS  no '|' in any sampled revision CV; new lane stayed inert"
    ]
}

PLAY [RPV-1 step 10 -- upgrade step 3 (3 nodes from upgrade_step_3)] ***********

TASK [ansible.builtin.debug] ***************************************************
ok: [localhost] => {
    "msg": "==== step 10 -- upgrade step 3 (['9a', '9b', '9c']) ===="
}

TASK [Upgrade each node + wait for member] *************************************
ASYNC POLL on localhost: jid=j658402529482.452111 started=1 finished=0
ASYNC OK on localhost: jid=j658402529482.452111
changed: [localhost] => (item=9a)
ASYNC POLL on localhost: jid=j942265864156.476388 started=1 finished=0
ASYNC OK on localhost: jid=j942265864156.476388
changed: [localhost] => (item=9b)
ASYNC POLL on localhost: jid=j299865483953.500643 started=1 finished=0
ASYNC OK on localhost: jid=j299865483953.500643
changed: [localhost] => (item=9c)

PLAY [RPV-1 step 11 -- endpoint checkpoint (drain + I-13 suite)] ***************

TASK [ravendb_wait] ************************************************************
ok: [localhost]

TASK [ansible.builtin.debug] ***************************************************
ok: [localhost] => {
    "msg": "MARKER PROPAGATED -- 'users/sink1/marker-1780777652631301154-23831' reached every target ['8a', '8b', '8c'] from 7a (took 8.3s)"
}

TASK [ravendb_wait] ************************************************************
ok: [localhost]

TASK [ansible.builtin.debug] ***************************************************
ok: [localhost] => {
    "msg": "MARKER PROPAGATED -- 'users/sink2/marker-1780777661108230100-53994' reached every target ['9a', '9b', '9c'] from 7a (took 10.2s)"
}

TASK [ravendb_diagnostic] ******************************************************
ok: [localhost]

TASK [ansible.builtin.debug] ***************************************************
ok: [localhost] => {
    "msg": [
        "schema/build version per node:",
        "  7a  7.2.3-custom-72",
        "  7b  7.2.3-custom-72",
        "  7c  7.2.3-custom-72",
        "  8a  7.2.3-custom-72",
        "  8b  7.2.3-custom-72",
        "  8c  7.2.3-custom-72",
        "  9a  7.2.3-custom-72",
        "  9b  7.2.3-custom-72",
        "  9c  7.2.3-custom-72",
        "DatabaseRecord.SupportedFeatures (via 7a): ['ThrowRevisionKeyTooBigFix']"
    ]
}

TASK [ravendb_diagnostic] ******************************************************
ok: [localhost]

TASK [ansible.builtin.debug] ***************************************************
ok: [localhost] => {
    "msg": [
        "filter compliance on 8a/db1:",
        "  allowed_prefixes: ['users/sink1/', 'orders/sink1/']",
        "  total sink docs: 413",
        "  leak ids (no allowed prefix matched): 0",
        "PASS  every sink doc matches an allowed prefix"
    ]
}

TASK [ravendb_diagnostic] ******************************************************
ok: [localhost]

TASK [ansible.builtin.debug] ***************************************************
ok: [localhost] => {
    "msg": [
        "filter compliance on 9a/db1:",
        "  allowed_prefixes: ['users/sink2/', 'orders/sink2/']",
        "  total sink docs: 404",
        "  leak ids (no allowed prefix matched): 0",
        "PASS  every sink doc matches an allowed prefix"
    ]
}

TASK [ravendb_diagnostic] ******************************************************
ok: [localhost]

TASK [ansible.builtin.debug] ***************************************************
ok: [localhost] => {
    "msg": [
        "cross-sink isolation check on 8a/db1:",
        "  forbidden_prefixes: ['users/sink2/', 'orders/sink2/']",
        "  probes: 200  leaks: 0",
        "PASS  no forbidden-prefix docs on this sink"
    ]
}

TASK [ravendb_diagnostic] ******************************************************
ok: [localhost]

TASK [ansible.builtin.debug] ***************************************************
ok: [localhost] => {
    "msg": [
        "cross-sink isolation check on 9a/db1:",
        "  forbidden_prefixes: ['users/sink1/', 'orders/sink1/']",
        "  probes: 200  leaks: 0",
        "PASS  no forbidden-prefix docs on this sink"
    ]
}

TASK [ravendb_diagnostic] ******************************************************
ok: [localhost]

TASK [ansible.builtin.debug] ***************************************************
ok: [localhost] => {
    "msg": [
        "CV-boundary by dbid (db=db1):",
        "  source dbids:   ['ADYdM3y6CEq+eFBIq+L2Ug', 's7HnUbQwt0ajfc6FNwwLgg', 'zRyW5iS7OUyjtYhnsCsmuQ']",
        "  receiver dbids: ['0/bLJiPeYUyptH642OIiyw', 'Q5gYp9ka+kidvB8z8WRC/g', 'bjEu+hWQKUek0y3cCUdUjA']",
        "  8a  LEGACY raw CV (no '|') -- N/A on this CV form",
        "  8b  LEGACY raw CV (no '|') -- N/A on this CV form",
        "  8c  LEGACY raw CV (no '|') -- N/A on this CV form",
        "PASS  no source dbids on any receiver's order side"
    ]
}

TASK [ravendb_diagnostic] ******************************************************
ok: [localhost]

TASK [ansible.builtin.debug] ***************************************************
ok: [localhost] => {
    "msg": [
        "CV-boundary by dbid (db=db1):",
        "  source dbids:   ['ADYdM3y6CEq+eFBIq+L2Ug', 's7HnUbQwt0ajfc6FNwwLgg', 'zRyW5iS7OUyjtYhnsCsmuQ']",
        "  receiver dbids: ['R3TEnk58FUanJ4WpkOyaEQ', 'Y32ZnGOiTUKcPxUgqR1cNw', 'nk0K71DpwEeW2djyHzAX1g']",
        "  9a  LEGACY raw CV (no '|') -- N/A on this CV form",
        "  9b  LEGACY raw CV (no '|') -- N/A on this CV form",
        "  9c  LEGACY raw CV (no '|') -- N/A on this CV form",
        "PASS  no source dbids on any receiver's order side"
    ]
}

PLAY [Assert a background workload is still alive (pidfile + kill -0)] *********

TASK [Validate inputs] *********************************************************
ok: [localhost] => {
    "changed": false,
    "msg": "All assertions passed"
}

TASK [Probe pidfile + recorded PID] ********************************************
ok: [localhost]

TASK [Dump worker debug log on failure (if present)] ***************************
skipping: [localhost]

TASK [Show worker debug log] ***************************************************
skipping: [localhost]

TASK [Assert workload is alive] ************************************************
ok: [localhost] => {
    "changed": false,
    "msg": "WORKLOAD ALIVE  pidfile=/tmp/w1-7a-db1.pid  ALIVE pid=303742"
}

PLAY [Assert a background workload is still alive (pidfile + kill -0)] *********

TASK [Validate inputs] *********************************************************
ok: [localhost] => {
    "changed": false,
    "msg": "All assertions passed"
}

TASK [Probe pidfile + recorded PID] ********************************************
ok: [localhost]

TASK [Dump worker debug log on failure (if present)] ***************************
skipping: [localhost]

TASK [Show worker debug log] ***************************************************
skipping: [localhost]

TASK [Assert workload is alive] ************************************************
ok: [localhost] => {
    "changed": false,
    "msg": "WORKLOAD ALIVE  pidfile=/tmp/w2-7a-db1.pid  ALIVE pid=303760"
}

PLAY [Stop a background workload via its pidfile] ******************************

TASK [Validate inputs] *********************************************************
ok: [localhost] => {
    "changed": false,
    "msg": "All assertions passed"
}

TASK [TERM (then KILL after grace) the pid in /tmp/w1-7a-db1.pid] **************
changed: [localhost]

TASK [Done] ********************************************************************
ok: [localhost] => {
    "msg": "WORKLOAD STOPPED  pid=303742  pidfile=/tmp/w1-7a-db1.pid"
}

PLAY [Stop a background workload via its pidfile] ******************************

TASK [Validate inputs] *********************************************************
ok: [localhost] => {
    "changed": false,
    "msg": "All assertions passed"
}

TASK [TERM (then KILL after grace) the pid in /tmp/w2-7a-db1.pid] **************
changed: [localhost]

TASK [Done] ********************************************************************
ok: [localhost] => {
    "msg": "WORKLOAD STOPPED  pid=303760  pidfile=/tmp/w2-7a-db1.pid"
}

PLAY [RPV-1 step 12 -- final convergence + deep parity (quiet cluster)] ********

TASK [ravendb_wait] ************************************************************
ok: [localhost]

TASK [ansible.builtin.debug] ***************************************************
ok: [localhost] => {
    "msg": [
        "STABLE -- LastDatabaseEtag unchanged across 3 node(s) (skipped=[], took 0.0s)",
        "  sample 1 (23:28:09):",
        "    7a  4009",
        "    7b  3698",
        "    7c  3698",
        "  sample 2 (23:28:09):",
        "    7a  4009",
        "    7b  3698",
        "    7c  3698"
    ]
}

TASK [ravendb_wait] ************************************************************
ok: [localhost]

TASK [ansible.builtin.debug] ***************************************************
ok: [localhost] => {
    "msg": [
        "STABLE -- LastDatabaseEtag unchanged across 3 node(s) (skipped=[], took 0.0s)",
        "  sample 1 (23:28:10):",
        "    8a  1075",
        "    8b  1075",
        "    8c  1075",
        "  sample 2 (23:28:10):",
        "    8a  1075",
        "    8b  1075",
        "    8c  1075"
    ]
}

TASK [ravendb_wait] ************************************************************
ok: [localhost]

TASK [ansible.builtin.debug] ***************************************************
ok: [localhost] => {
    "msg": [
        "STABLE -- LastDatabaseEtag unchanged across 3 node(s) (skipped=[], took 0.0s)",
        "  sample 1 (23:28:10):",
        "    9a  1042",
        "    9b  1043",
        "    9c  1042",
        "  sample 2 (23:28:10):",
        "    9a  1042",
        "    9b  1043",
        "    9c  1042"
    ]
}

TASK [ravendb_wait] ************************************************************
ok: [localhost]

TASK [ansible.builtin.debug] ***************************************************
ok: [localhost] => {
    "msg": [
        "PARITY -- fields ['CountOfTombstones'] match across 3 node(s) (skipped=[], took 0.0s):",
        "  CountOfTombstones = 94"
    ]
}

TASK [ravendb_wait] ************************************************************
ok: [localhost]

TASK [ansible.builtin.debug] ***************************************************
ok: [localhost] => {
    "msg": [
        "PARITY -- fields ['CountOfTombstones'] match across 3 node(s) (skipped=[], took 283.4s):",
        "  CountOfTombstones = 0"
    ]
}

TASK [ravendb_wait] ************************************************************
ok: [localhost]

TASK [ansible.builtin.debug] ***************************************************
ok: [localhost] => {
    "msg": [
        "PARITY -- fields ['CountOfTombstones'] match across 3 node(s) (skipped=[], took 0.0s):",
        "  CountOfTombstones = 0"
    ]
}

TASK [ravendb_diagnostic] ******************************************************
ok: [localhost]

TASK [ansible.builtin.debug] ***************************************************
ok: [localhost] => {
    "msg": [
        "/stats parity  db=db1  nodes=['7a', '7b', '7c']",
        "field                                  7a ,        7b ,        7c  status",
        "CountOfAttachments                    106 ,       106 ,       106  OK",
        "CountOfConflicts                        0 ,         0 ,         0  OK",
        "CountOfCounterEntries                  58 ,        58 ,        58  OK (info)",
        "CountOfDocuments                     1435 ,      1435 ,      1435  OK",
        "CountOfDocumentsConflicts               0 ,         0 ,         0  OK",
        "CountOfRemoteAttachments                0 ,         0 ,         0  OK",
        "CountOfRevisionDocuments             1626 ,      1626 ,      1626  OK",
        "CountOfTimeSeriesDeletedRanges          0 ,         0 ,         0  OK",
        "CountOfTimeSeriesSegments              37 ,        37 ,        37  OK (info)",
        "CountOfTombstones                      94 ,        94 ,        94  OK",
        "CountOfUniqueAttachments               52 ,        52 ,        52  OK",
        "SizeOnDisk                      402784256 , 402784256 , 402784256  info",
        "PASS  every asserted field is parity-equal across ['7a', '7b', '7c']"
    ]
}

TASK [ravendb_diagnostic] ******************************************************
ok: [localhost]

TASK [ansible.builtin.debug] ***************************************************
ok: [localhost] => {
    "msg": [
        "/stats parity  db=db1  nodes=['8a', '8b', '8c']",
        "field                                 8a ,       8b ,       8c  status",
        "CountOfAttachments                    40 ,       40 ,       40  OK",
        "CountOfConflicts                       0 ,        0 ,        0  OK",
        "CountOfCounterEntries                 16 ,       16 ,       16  OK (info)",
        "CountOfDocuments                     413 ,      413 ,      413  OK",
        "CountOfDocumentsConflicts              0 ,        0 ,        0  OK",
        "CountOfRemoteAttachments               0 ,        0 ,        0  OK",
        "CountOfRevisionDocuments             470 ,      470 ,      470  OK",
        "CountOfTimeSeriesDeletedRanges         0 ,        0 ,        0  OK",
        "CountOfTimeSeriesSegments             11 ,       11 ,       11  OK (info)",
        "CountOfTombstones                      0 ,        0 ,        0  OK",
        "CountOfUniqueAttachments              19 ,       19 ,       19  OK",
        "SizeOnDisk                      69337088 , 71434240 , 69337088  info",
        "PASS  every asserted field is parity-equal across ['8a', '8b', '8c']"
    ]
}

TASK [ravendb_diagnostic] ******************************************************
ok: [localhost]

TASK [ansible.builtin.debug] ***************************************************
ok: [localhost] => {
    "msg": [
        "/stats parity  db=db1  nodes=['9a', '9b', '9c']",
        "field                                 9a ,       9b ,       9c  status",
        "CountOfAttachments                    23 ,       23 ,       23  OK",
        "CountOfConflicts                       0 ,        0 ,        0  OK",
        "CountOfCounterEntries                 14 ,       14 ,       14  OK (info)",
        "CountOfDocuments                     404 ,      404 ,      404  OK",
        "CountOfDocumentsConflicts              0 ,        0 ,        0  OK",
        "CountOfRemoteAttachments               0 ,        0 ,        0  OK",
        "CountOfRevisionDocuments             457 ,      457 ,      457  OK",
        "CountOfTimeSeriesDeletedRanges         0 ,        0 ,        0  OK",
        "CountOfTimeSeriesSegments             11 ,       11 ,       11  OK (info)",
        "CountOfTombstones                      0 ,        0 ,        0  OK",
        "CountOfUniqueAttachments              12 ,       12 ,       12  OK",
        "SizeOnDisk                      69337088 , 69337088 , 69337088  info",
        "PASS  every asserted field is parity-equal across ['9a', '9b', '9c']"
    ]
}

TASK [ravendb_diagnostic] ******************************************************
ok: [localhost]

TASK [ansible.builtin.debug] ***************************************************
ok: [localhost] => {
    "msg": [
        "revision-count parity: 10 id(s) across ['7a', '7b', '7c']",
        "  per-id counts (first 10):",
        "    users/hub/0           [1, 1, 1]",
        "    users/hub/1           [1, 1, 1]",
        "    users/hub/2           [1, 1, 1]",
        "    users/hub/3           [1, 1, 1]",
        "    users/hub/4           [1, 1, 1]",
        "    users/hub/5           [1, 1, 1]",
        "    users/hub/6           [1, 1, 1]",
        "    users/hub/7           [1, 1, 1]",
        "    users/hub/8           [1, 1, 1]",
        "    users/hub/9           [2, 2, 2]",
        "  mismatched: 0",
        "PASS  per-id revision counts agree across nodes"
    ]
}

TASK [ravendb_diagnostic] ******************************************************
ok: [localhost]

TASK [ansible.builtin.debug] ***************************************************
ok: [localhost] => {
    "msg": [
        "orphan revisions adopted per node:",
        "  7a  0",
        "  7b  0",
        "  7c  0",
        "PASS  no orphan revisions on any node"
    ]
}

TASK [ravendb_diagnostic] ******************************************************
ok: [localhost]

TASK [ansible.builtin.debug] ***************************************************
ok: [localhost] => {
    "msg": [
        "doc-id-set parity: 10 id(s) probed across ['8a', '8b', '8c']",
        "  mismatched: 0",
        "PASS  every probe id is uniformly present or uniformly absent"
    ]
}

TASK [ravendb_diagnostic] ******************************************************
ok: [localhost]

TASK [ansible.builtin.debug] ***************************************************
ok: [localhost] => {
    "msg": [
        "doc-id-set parity: 10 id(s) probed across ['8a', '8b', '8c']",
        "  mismatched: 0",
        "PASS  every probe id is uniformly present or uniformly absent"
    ]
}

TASK [ravendb_diagnostic] ******************************************************
ok: [localhost]

TASK [ansible.builtin.debug] ***************************************************
ok: [localhost] => {
    "msg": [
        "doc-id-set parity: 10 id(s) probed across ['9a', '9b', '9c']",
        "  mismatched: 0",
        "PASS  every probe id is uniformly present or uniformly absent"
    ]
}

TASK [ravendb_diagnostic] ******************************************************
ok: [localhost]

TASK [ansible.builtin.debug] ***************************************************
ok: [localhost] => {
    "msg": [
        "doc-id-set parity: 10 id(s) probed across ['9a', '9b', '9c']",
        "  mismatched: 0",
        "PASS  every probe id is uniformly present or uniformly absent"
    ]
}

TASK [ravendb_diagnostic] ******************************************************
ok: [localhost]

TASK [ansible.builtin.debug] ***************************************************
ok: [localhost] => {
    "msg": [
        "doc-id-set parity: 10 id(s) probed across ['7a', '7b', '7c']",
        "  mismatched: 0",
        "PASS  every probe id is uniformly present or uniformly absent"
    ]
}

TASK [ravendb_diagnostic] ******************************************************
ok: [localhost]

TASK [ansible.builtin.debug] ***************************************************
ok: [localhost] => {
    "msg": [
        "doc-id-set parity: 10 id(s) probed across ['7a', '7b', '7c']",
        "  mismatched: 0",
        "PASS  every probe id is uniformly present or uniformly absent"
    ]
}

TASK [ravendb_diagnostic] ******************************************************
ok: [localhost]

TASK [ansible.builtin.debug] ***************************************************
ok: [localhost] => {
    "msg": [
        "doc-id-set parity: 10 id(s) probed across ['7a', '7b', '7c']",
        "  mismatched: 0",
        "PASS  every probe id is uniformly present or uniformly absent"
    ]
}

TASK [ravendb_diagnostic] ******************************************************
ok: [localhost]

TASK [ansible.builtin.debug] ***************************************************
ok: [localhost] => {
    "msg": [
        "filter compliance on 8a/db1:",
        "  allowed_prefixes: ['users/sink1/', 'orders/sink1/']",
        "  total sink docs: 413",
        "  leak ids (no allowed prefix matched): 0",
        "PASS  every sink doc matches an allowed prefix"
    ]
}

TASK [ravendb_diagnostic] ******************************************************
ok: [localhost]

TASK [ansible.builtin.debug] ***************************************************
ok: [localhost] => {
    "msg": [
        "filter compliance on 9a/db1:",
        "  allowed_prefixes: ['users/sink2/', 'orders/sink2/']",
        "  total sink docs: 404",
        "  leak ids (no allowed prefix matched): 0",
        "PASS  every sink doc matches an allowed prefix"
    ]
}

TASK [ravendb_diagnostic] ******************************************************
ok: [localhost]

TASK [ansible.builtin.debug] ***************************************************
ok: [localhost] => {
    "msg": [
        "cross-sink isolation check on 8a/db1:",
        "  forbidden_prefixes: ['users/sink2/', 'orders/sink2/']",
        "  probes: 200  leaks: 0",
        "PASS  no forbidden-prefix docs on this sink"
    ]
}

TASK [ravendb_diagnostic] ******************************************************
ok: [localhost]

TASK [ansible.builtin.debug] ***************************************************
ok: [localhost] => {
    "msg": [
        "cross-sink isolation check on 9a/db1:",
        "  forbidden_prefixes: ['users/sink1/', 'orders/sink1/']",
        "  probes: 200  leaks: 0",
        "PASS  no forbidden-prefix docs on this sink"
    ]
}

PLAY [RPV-1 -- DONE] ***********************************************************

TASK [ansible.builtin.debug] ***************************************************
ok: [localhost] => {
    "msg": "RPV-1 PASS  hub=[7a,7b,7c] sink-1=[8a,8b,8c] sink-2=[9a,9b,9c] db=db1 cross-cluster rolling upgrade + filter geometry + CV-boundary all held"
}

PLAY RECAP *********************************************************************
localhost                  : ok=193  changed=24   unreachable=0    failed=0    skipped=7    rescued=0    ignored=0   


[1;36m[23:33:28] RPV-1 done[0m
