TASK [Print the final cluster layout (tag / container / url per cluster)] ******
ok: [localhost] => {
    "msg": [
        "================================================================",
        "  Formed 3 cluster(s) with 9 node(s) (on hubsink_a)",
        "================================================================",
        "",
        "  Cluster 1",
        "    tag   container   url",
        "    A     1a          https://1a.hubsink.test:443",
        "    B     1b          https://1b.hubsink.test:443",
        "    C     1c          https://1c.hubsink.test:443",
        "",
        "  Cluster 2",
        "    tag   container   url",
        "    A     2a          https://2a.hubsink.test:443",
        "    B     2b          https://2b.hubsink.test:443",
        "    C     2c          https://2c.hubsink.test:443",
        "",
        "  Cluster 3",
        "    tag   container   url",
        "    A     3a          https://3a.hubsink.test:443",
        "    B     3b          https://3b.hubsink.test:443",
        "    C     3c          https://3c.hubsink.test:443",
        "",
        "================================================================"
    ]
}

PLAY RECAP *********************************************************************
1a                         : ok=2    changed=1    unreachable=0    failed=0    skipped=0    rescued=0    ignored=0   
1b                         : ok=2    changed=1    unreachable=0    failed=0    skipped=0    rescued=0    ignored=0   
1c                         : ok=2    changed=1    unreachable=0    failed=0    skipped=0    rescued=0    ignored=0   
2a                         : ok=2    changed=1    unreachable=0    failed=0    skipped=0    rescued=0    ignored=0   
2b                         : ok=2    changed=1    unreachable=0    failed=0    skipped=0    rescued=0    ignored=0   
2c                         : ok=2    changed=1    unreachable=0    failed=0    skipped=0    rescued=0    ignored=0   
3a                         : ok=2    changed=1    unreachable=0    failed=0    skipped=0    rescued=0    ignored=0   
3b                         : ok=2    changed=1    unreachable=0    failed=0    skipped=0    rescued=0    ignored=0   
3c                         : ok=2    changed=1    unreachable=0    failed=0    skipped=0    rescued=0    ignored=0   
localhost                  : ok=16   changed=2    unreachable=0    failed=0    skipped=2    rescued=0    ignored=0   


[1;36m[11:02:34] rpv1[0m

PLAY [Stop a background workload via its pidfile] ******************************

TASK [Validate inputs] *********************************************************
ok: [localhost] => {
    "changed": false,
    "msg": "All assertions passed"
}

TASK [TERM (then KILL after grace) the pid in /tmp/w1-1a-db1.pid] **************
changed: [localhost]

TASK [Done] ********************************************************************
ok: [localhost] => {
    "msg": "WORKLOAD ALREADY EXITED  no pidfile at /tmp/w1-1a-db1.pid"
}

PLAY [Stop a background workload via its pidfile] ******************************

TASK [Validate inputs] *********************************************************
ok: [localhost] => {
    "changed": false,
    "msg": "All assertions passed"
}

TASK [TERM (then KILL after grace) the pid in /tmp/w2-1a-db1.pid] **************
changed: [localhost]

TASK [Done] ********************************************************************
ok: [localhost] => {
    "msg": "WORKLOAD ALREADY EXITED  no pidfile at /tmp/w2-1a-db1.pid"
}

PLAY [RPV-1 pre -- validate inputs + show plan] ********************************

TASK [Validate inputs] *********************************************************
ok: [localhost] => {
    "changed": false,
    "msg": "All assertions passed"
}

TASK [Show plan] ***************************************************************
ok: [localhost] => {
    "msg": "RPV-1  v_old=6.2.15  v_new_build=/mnt/c/dev/hub-sink/ansible-ravendb-chaos/builds/raven-pr22899.deb upgrade_step_1=['2a', '2b', '2c'] upgrade_step_2=['1a', '1b', '1c'] upgrade_step_3=['3a', '3b', '3c']"
}

PLAY [Ensure ravendb python client is available on the controller] *************

TASK [Gathering Facts] *********************************************************
ok: [localhost]

TASK [Probe existing venv for ravendb module] **********************************
ok: [localhost]

TASK [Reuse existing venv -- skip the prereqs role] ****************************
ok: [localhost]

TASK [Install ravendb python client prerequisites (one-time / forced)] *********
skipping: [localhost]

PLAY [Create a database via the ravendb.ravendb.database module] ***************

TASK [Validate inputs] *********************************************************
ok: [localhost] => {
    "changed": false,
    "msg": "All assertions passed"
}

TASK [Create database] *********************************************************
changed: [localhost]

TASK [Done] ********************************************************************
ok: [localhost] => {
    "msg": "CREATED  db1 on cluster reachable via 1a (replication_factor=3)"
}

PLAY [Ensure ravendb python client is available on the controller] *************

TASK [Gathering Facts] *********************************************************
ok: [localhost]

TASK [Probe existing venv for ravendb module] **********************************
ok: [localhost]

TASK [Reuse existing venv -- skip the prereqs role] ****************************
ok: [localhost]

TASK [Install ravendb python client prerequisites (one-time / forced)] *********
skipping: [localhost]

PLAY [Create a database via the ravendb.ravendb.database module] ***************

TASK [Validate inputs] *********************************************************
ok: [localhost] => {
    "changed": false,
    "msg": "All assertions passed"
}

TASK [Create database] *********************************************************
changed: [localhost]

TASK [Done] ********************************************************************
ok: [localhost] => {
    "msg": "CREATED  db1 on cluster reachable via 2a (replication_factor=3)"
}

PLAY [Ensure ravendb python client is available on the controller] *************

TASK [Gathering Facts] *********************************************************
ok: [localhost]

TASK [Probe existing venv for ravendb module] **********************************
ok: [localhost]

TASK [Reuse existing venv -- skip the prereqs role] ****************************
ok: [localhost]

TASK [Install ravendb python client prerequisites (one-time / forced)] *********
skipping: [localhost]

PLAY [Create a database via the ravendb.ravendb.database module] ***************

TASK [Validate inputs] *********************************************************
ok: [localhost] => {
    "changed": false,
    "msg": "All assertions passed"
}

TASK [Create database] *********************************************************
changed: [localhost]

TASK [Done] ********************************************************************
ok: [localhost] => {
    "msg": "CREATED  db1 on cluster reachable via 3a (replication_factor=3)"
}

PLAY [RPV-1 step 1 -- per-collection revisions config (Users / Orders / Internal)] ***

TASK [Configure per-collection revisions on hub 1a/db1 (Users/Orders/Internal)] ***
changed: [localhost]

TASK [ansible.builtin.debug] ***************************************************
ok: [localhost] => {
    "msg": "REVISIONS configured on 1a/db1 -- per-collection=['Users', 'Orders', 'Internal']  Default.MinimumRevisionsToKeep=25  Default.MinimumRevisionAgeToKeep=21600s"
}

TASK [Configure per-collection revisions on sink-1 2a/db1 (Users/Orders/Internal)] ***
changed: [localhost]

TASK [ansible.builtin.debug] ***************************************************
ok: [localhost] => {
    "msg": "REVISIONS configured on 2a/db1 -- per-collection=['Users', 'Orders', 'Internal']  Default.MinimumRevisionsToKeep=25  Default.MinimumRevisionAgeToKeep=21600s"
}

TASK [Configure per-collection revisions on sink-2 3a/db1 (Users/Orders/Internal)] ***
changed: [localhost]

TASK [ansible.builtin.debug] ***************************************************
ok: [localhost] => {
    "msg": "REVISIONS configured on 3a/db1 -- per-collection=['Users', 'Orders', 'Internal']  Default.MinimumRevisionsToKeep=25  Default.MinimumRevisionAgeToKeep=21600s"
}

PLAY [RPV-1 step 2 -- wire filtered pull (Hub -> Sink-1 + Sink-2)] *************

TASK [Define hub pull task 'rpv1-hub' + access entries for sink-1 + sink-2] ****
changed: [localhost]

TASK [ansible.builtin.debug] ***************************************************
ok: [localhost] => {
    "msg": "DEFINED hub task 'rpv1-hub' on 1a + access entries for sinks ['2', '3'] (PFXs in /mnt/c/dev/hub-sink/ansible-ravendb-chaos/scenarios/EMR/RPV1/../../../replication-certs)"
}

TASK [Attach sink-1 + sink-2 pull tasks to hub topology] ***********************
changed: [localhost]

TASK [ansible.builtin.debug] ***************************************************
ok: [localhost] => {
    "msg": "ATTACHED sinks ['2', '3'] to hub task 'rpv1-hub' on database 'db1' (leader URLs ['https://2a.hubsink.test:443', 'https://3a.hubsink.test:443'])"
}

PLAY [RPV-1 step 3 -- seed Hub with 7 prefix buckets, then wait for filtered drain] ***

TASK [Seed users/sink1/* on hub 1a/db1 (count=bucket_users_sink1, 1 rev)] ******
changed: [localhost]

TASK [ansible.builtin.debug] ***************************************************
ok: [localhost] => {
    "msg": "WROTE 50/50 PUTs to 1a/db1 (50 docs x 1 revisions each, id prefix 'users/sink1', collection 'Users')"
}

TASK [Seed users/sink2/* on hub 1a/db1 (count=bucket_users_sink2, 1 rev)] ******
changed: [localhost]

TASK [ansible.builtin.debug] ***************************************************
ok: [localhost] => {
    "msg": "WROTE 50/50 PUTs to 1a/db1 (50 docs x 1 revisions each, id prefix 'users/sink2', collection 'Users')"
}

TASK [Seed users/hub/* on hub 1a/db1 (count=bucket_users_hub, 1 rev)] **********
changed: [localhost]

TASK [ansible.builtin.debug] ***************************************************
ok: [localhost] => {
    "msg": "WROTE 50/50 PUTs to 1a/db1 (50 docs x 1 revisions each, id prefix 'users/hub', collection 'Users')"
}

TASK [Seed orders/sink1/* on hub 1a/db1 (count=bucket_orders_sink1, 1 rev)] ****
changed: [localhost]

TASK [ansible.builtin.debug] ***************************************************
ok: [localhost] => {
    "msg": "WROTE 50/50 PUTs to 1a/db1 (50 docs x 1 revisions each, id prefix 'orders/sink1', collection 'Orders')"
}

TASK [Seed orders/sink2/* on hub 1a/db1 (count=bucket_orders_sink2, 1 rev)] ****
changed: [localhost]

TASK [ansible.builtin.debug] ***************************************************
ok: [localhost] => {
    "msg": "WROTE 50/50 PUTs to 1a/db1 (50 docs x 1 revisions each, id prefix 'orders/sink2', collection 'Orders')"
}

TASK [Seed orders/hub/* on hub 1a/db1 (count=bucket_orders_hub, 1 rev)] ********
changed: [localhost]

TASK [ansible.builtin.debug] ***************************************************
ok: [localhost] => {
    "msg": "WROTE 50/50 PUTs to 1a/db1 (50 docs x 1 revisions each, id prefix 'orders/hub', collection 'Orders')"
}

TASK [Seed Internal/* on hub 1a/db1 (count=bucket_internal, 1 rev)] ************
changed: [localhost]

TASK [ansible.builtin.debug] ***************************************************
ok: [localhost] => {
    "msg": "WROTE 50/50 PUTs to 1a/db1 (50 docs x 1 revisions each, id prefix 'Internal', collection 'Internal')"
}

TASK [Wait for hub a/b/c quiescence after seed] ********************************
ok: [localhost]

TASK [ansible.builtin.debug] ***************************************************
ok: [localhost] => {
    "msg": [
        "QUIESCENT -- 3 node(s) agree on DatabaseChangeVector (skipped=[], took 19.8s):",
        "  A:700-FUim0+dNZk+f9eaWX4qlZg, B:700-ZRws9k+zK0WbESklVHTIzQ, C:700-nWl+Zzac0EuW1xGDZjbFNQ"
    ]
}

TASK [Wait for users/sink1/marker-* propagation hub -> sink-1 a/b/c] ***********
ok: [localhost]

TASK [ansible.builtin.debug] ***************************************************
ok: [localhost] => {
    "msg": "MARKER PROPAGATED -- 'users/sink1/marker-1780906942457674220-2490' reached every target ['2a', '2b', '2c'] from 1a (took 13.6s)"
}

TASK [Wait for users/sink2/marker-* propagation hub -> sink-2 a/b/c] ***********
ok: [localhost]

TASK [ansible.builtin.debug] ***************************************************
ok: [localhost] => {
    "msg": "MARKER PROPAGATED -- 'users/sink2/marker-1780906959488324752-83540' reached every target ['3a', '3b', '3c'] from 1a (took 8.2s)"
}

PLAY [RPV-1 step 4 -- T0 baseline checkpoint] **********************************

TASK [T0: assert filter compliance on sink-1 (allowed users/sink1/, orders/sink1/)] ***
ok: [localhost]

TASK [ansible.builtin.debug] ***************************************************
ok: [localhost] => {
    "msg": [
        "filter compliance on 2a/db1:",
        "  allowed_prefixes: ['users/sink1/', 'orders/sink1/']",
        "  total sink docs: 101",
        "  leak ids (no allowed prefix matched): 0",
        "PASS  every sink doc matches an allowed prefix"
    ]
}

TASK [T0: assert filter compliance on sink-2 (allowed users/sink2/, orders/sink2/)] ***
ok: [localhost]

TASK [ansible.builtin.debug] ***************************************************
ok: [localhost] => {
    "msg": [
        "filter compliance on 3a/db1:",
        "  allowed_prefixes: ['users/sink2/', 'orders/sink2/']",
        "  total sink docs: 101",
        "  leak ids (no allowed prefix matched): 0",
        "PASS  every sink doc matches an allowed prefix"
    ]
}

TASK [T0: dump schema version on all 9 nodes (expect all v_old)] ***************
ok: [localhost]

TASK [ansible.builtin.debug] ***************************************************
ok: [localhost] => {
    "msg": [
        "schema/build version per node:",
        "  1a  6.2.15",
        "  1b  6.2.15",
        "  1c  6.2.15",
        "  2a  6.2.15",
        "  2b  6.2.15",
        "  2c  6.2.15",
        "  3a  6.2.15",
        "  3b  6.2.15",
        "  3c  6.2.15"
    ]
}

TASK [T0: assert users/sink1 doc-id-set parity across sink-1 a/b/c] ************
ok: [localhost]

TASK [ansible.builtin.debug] ***************************************************
ok: [localhost] => {
    "msg": [
        "doc-id-set parity: 10 id(s) probed across ['2a', '2b', '2c']",
        "  mismatched: 0",
        "PASS  every probe id is uniformly present or uniformly absent"
    ]
}

TASK [T0: assert users/sink2 doc-id-set parity across sink-2 a/b/c] ************
ok: [localhost]

TASK [ansible.builtin.debug] ***************************************************
ok: [localhost] => {
    "msg": [
        "doc-id-set parity: 10 id(s) probed across ['3a', '3b', '3c']",
        "  mismatched: 0",
        "PASS  every probe id is uniformly present or uniformly absent"
    ]
}

TASK [T0: assert /stats parity across hub a/b/c] *******************************
ok: [localhost]

TASK [ansible.builtin.debug] ***************************************************
ok: [localhost] => {
    "msg": [
        "/stats parity  db=db1  nodes=['1a', '1b', '1c']",
        "field                                 1a ,       1b ,       1c  status",
        "CountOfAttachments                     0 ,        0 ,        0  OK",
        "CountOfConflicts                       0 ,        0 ,        0  OK",
        "CountOfCounterEntries                  0 ,        0 ,        0  OK (info)",
        "CountOfDocuments                     352 ,      352 ,      352  OK",
        "CountOfDocumentsConflicts              0 ,        0 ,        0  OK",
        "CountOfRemoteAttachments               0 ,        0 ,        0  OK",
        "CountOfRevisionDocuments             352 ,      352 ,      352  OK",
        "CountOfTimeSeriesDeletedRanges         0 ,        0 ,        0  OK",
        "CountOfTimeSeriesSegments              0 ,        0 ,        0  OK (info)",
        "CountOfTombstones                      0 ,        0 ,        0  OK",
        "CountOfUniqueAttachments               0 ,        0 ,        0  OK",
        "SizeOnDisk                      75628544 , 75628544 , 75628544  info",
        "PASS  every asserted field is parity-equal across ['1a', '1b', '1c']"
    ]
}

TASK [T0: assert /stats parity across sink-1 a/b/c] ****************************
ok: [localhost]

TASK [ansible.builtin.debug] ***************************************************
ok: [localhost] => {
    "msg": [
        "/stats parity  db=db1  nodes=['2a', '2b', '2c']",
        "field                                 2a ,       2b ,       2c  status",
        "CountOfAttachments                     0 ,        0 ,        0  OK",
        "CountOfConflicts                       0 ,        0 ,        0  OK",
        "CountOfCounterEntries                  0 ,        0 ,        0  OK (info)",
        "CountOfDocuments                     101 ,      101 ,      101  OK",
        "CountOfDocumentsConflicts              0 ,        0 ,        0  OK",
        "CountOfRemoteAttachments               0 ,        0 ,        0  OK",
        "CountOfRevisionDocuments             101 ,      101 ,      101  OK",
        "CountOfTimeSeriesDeletedRanges         0 ,        0 ,        0  OK",
        "CountOfTimeSeriesSegments              0 ,        0 ,        0  OK (info)",
        "CountOfTombstones                      0 ,        0 ,        0  OK",
        "CountOfUniqueAttachments               0 ,        0 ,        0  OK",
        "SizeOnDisk                      68288512 , 68288512 , 68288512  info",
        "PASS  every asserted field is parity-equal across ['2a', '2b', '2c']"
    ]
}

TASK [T0: assert /stats parity across sink-2 a/b/c] ****************************
ok: [localhost]

TASK [ansible.builtin.debug] ***************************************************
ok: [localhost] => {
    "msg": [
        "/stats parity  db=db1  nodes=['3a', '3b', '3c']",
        "field                                 3a ,       3b ,       3c  status",
        "CountOfAttachments                     0 ,        0 ,        0  OK",
        "CountOfConflicts                       0 ,        0 ,        0  OK",
        "CountOfCounterEntries                  0 ,        0 ,        0  OK (info)",
        "CountOfDocuments                     101 ,      101 ,      101  OK",
        "CountOfDocumentsConflicts              0 ,        0 ,        0  OK",
        "CountOfRemoteAttachments               0 ,        0 ,        0  OK",
        "CountOfRevisionDocuments             101 ,      101 ,      101  OK",
        "CountOfTimeSeriesDeletedRanges         0 ,        0 ,        0  OK",
        "CountOfTimeSeriesSegments              0 ,        0 ,        0  OK (info)",
        "CountOfTombstones                      0 ,        0 ,        0  OK",
        "CountOfUniqueAttachments               0 ,        0 ,        0  OK",
        "SizeOnDisk                      69337088 , 69337088 , 69337088  info",
        "PASS  every asserted field is parity-equal across ['3a', '3b', '3c']"
    ]
}

PLAY [RPV-1 step 5 -- start W-1 + W-2 in background on Hub] ********************

TASK [Launch W-1 (doc CRUD churn, 7-bucket 40/40/20 split, background async)] ***
changed: [localhost]

TASK [Launch W-2 (doc-extension churn, same 7-bucket 40/40/20 split, background async)] ***
[WARNING]: Found variable using reserved name: timeout
changed: [localhost]

PLAY [Wait for a background workload's pidfile to appear] **********************

TASK [Validate inputs] *********************************************************
ok: [localhost] => {
    "changed": false,
    "msg": "All assertions passed"
}

TASK [Wait for /tmp/w1-1a-db1.pid to appear] ***********************************
ok: [localhost]

TASK [Done] ********************************************************************
ok: [localhost] => {
    "msg": "WORKLOAD STARTED  pidfile present at /tmp/w1-1a-db1.pid"
}

PLAY [Wait for a background workload's pidfile to appear] **********************

TASK [Validate inputs] *********************************************************
ok: [localhost] => {
    "changed": false,
    "msg": "All assertions passed"
}

TASK [Wait for /tmp/w2-1a-db1.pid to appear] ***********************************
ok: [localhost]

TASK [Done] ********************************************************************
ok: [localhost] => {
    "msg": "WORKLOAD STARTED  pidfile present at /tmp/w2-1a-db1.pid"
}

PLAY [RPV-1 step 6 -- upgrade step 1 (3 nodes from upgrade_step_1)] ************

TASK [ansible.builtin.debug] ***************************************************
ok: [localhost] => {
    "msg": "==== step 6 -- upgrade step 1 (['2a', '2b', '2c']) ===="
}

TASK [Upgrade each node + wait for member] *************************************
ASYNC POLL on localhost: jid=j540083409431.3992438 started=1 finished=0
ASYNC POLL on localhost: jid=j540083409431.3992438 started=1 finished=0
ASYNC OK on localhost: jid=j540083409431.3992438
changed: [localhost] => (item=2a)
ASYNC POLL on localhost: jid=j342074509566.4005388 started=1 finished=0
ASYNC POLL on localhost: jid=j342074509566.4005388 started=1 finished=0
ASYNC OK on localhost: jid=j342074509566.4005388
changed: [localhost] => (item=2b)
ASYNC POLL on localhost: jid=j224724070601.4018484 started=1 finished=0
ASYNC POLL on localhost: jid=j224724070601.4018484 started=1 finished=0
ASYNC OK on localhost: jid=j224724070601.4018484
changed: [localhost] => (item=2c)

PLAY [RPV-1 step 7 -- Checkpoint A (drain + light checks)] *********************

TASK [Checkpoint A: wait for users/sink1/marker-* propagation hub -> sink-1 a/b/c] ***
ok: [localhost]

TASK [ansible.builtin.debug] ***************************************************
ok: [localhost] => {
    "msg": "MARKER PROPAGATED -- 'users/sink1/marker-1780907388787056330-84526' reached every target ['2a', '2b', '2c'] from 1a (took 13.4s)"
}

TASK [Checkpoint A: wait for users/sink2/marker-* propagation hub -> sink-2 a/b/c] ***
ok: [localhost]

TASK [ansible.builtin.debug] ***************************************************
ok: [localhost] => {
    "msg": "MARKER PROPAGATED -- 'users/sink2/marker-1780907403101692165-29716' reached every target ['3a', '3b', '3c'] from 1a (took 2.2s)"
}

TASK [Checkpoint A: dump schema version on all 9 nodes (mixed binaries expected)] ***
ok: [localhost]

TASK [ansible.builtin.debug] ***************************************************
ok: [localhost] => {
    "msg": [
        "schema/build version per node:",
        "  1a  6.2.15",
        "  1b  6.2.15",
        "  1c  6.2.15",
        "  2a  7.2.3-custom-72",
        "  2b  7.2.3-custom-72",
        "  2c  7.2.3-custom-72",
        "  3a  6.2.15",
        "  3b  6.2.15",
        "  3c  6.2.15"
    ]
}

TASK [Checkpoint A: assert filter compliance on sink-1] ************************
ok: [localhost]

TASK [ansible.builtin.debug] ***************************************************
ok: [localhost] => {
    "msg": [
        "filter compliance on 2a/db1:",
        "  allowed_prefixes: ['users/sink1/', 'orders/sink1/']",
        "  total sink docs: 103",
        "  leak ids (no allowed prefix matched): 0",
        "PASS  every sink doc matches an allowed prefix"
    ]
}

TASK [Checkpoint A: assert filter compliance on sink-2] ************************
ok: [localhost]

TASK [ansible.builtin.debug] ***************************************************
ok: [localhost] => {
    "msg": [
        "filter compliance on 3a/db1:",
        "  allowed_prefixes: ['users/sink2/', 'orders/sink2/']",
        "  total sink docs: 106",
        "  leak ids (no allowed prefix matched): 0",
        "PASS  every sink doc matches an allowed prefix"
    ]
}

TASK [Checkpoint A: assert cross-sink isolation on sink-1 (no users/sink2 or orders/sink2)] ***
ok: [localhost]

TASK [ansible.builtin.debug] ***************************************************
ok: [localhost] => {
    "msg": [
        "cross-sink isolation check on 2a/db1:",
        "  forbidden_prefixes: ['users/sink2/', 'orders/sink2/']",
        "  probes: 200  leaks: 0",
        "PASS  no forbidden-prefix docs on this sink"
    ]
}

TASK [Checkpoint A: assert cross-sink isolation on sink-2 (no users/sink1 or orders/sink1)] ***
ok: [localhost]

TASK [ansible.builtin.debug] ***************************************************
ok: [localhost] => {
    "msg": [
        "cross-sink isolation check on 3a/db1:",
        "  forbidden_prefixes: ['users/sink1/', 'orders/sink1/']",
        "  probes: 200  leaks: 0",
        "PASS  no forbidden-prefix docs on this sink"
    ]
}

TASK [Checkpoint A: assert lane-inert on upgraded v_new nodes (cross-version safety)] ***
ok: [localhost]

TASK [ansible.builtin.debug] ***************************************************
ok: [localhost] => {
    "msg": [
        "lane-inert check (db=db1, 3 node(s), 7 prefix(es), 38 revisions sampled):",
        "  leaks (new-lane '|' in CV): 0",
        "  forensic: SupportedFeatures = ['ThrowRevisionKeyTooBigFix']",
        "PASS  no '|' in any sampled revision CV; new lane stayed inert"
    ]
}

PLAY [RPV-1 step 8 -- upgrade step 2 (3 nodes from upgrade_step_2)] ************

TASK [ansible.builtin.debug] ***************************************************
ok: [localhost] => {
    "msg": "==== step 8 -- upgrade step 2 (['1a', '1b', '1c']) ===="
}

TASK [Upgrade each node + wait for member] *************************************
ASYNC POLL on localhost: jid=j342148007756.4042235 started=1 finished=0
ASYNC POLL on localhost: jid=j342148007756.4042235 started=1 finished=0
ASYNC OK on localhost: jid=j342148007756.4042235
changed: [localhost] => (item=1a)
ASYNC POLL on localhost: jid=j704023714771.4055086 started=1 finished=0
ASYNC POLL on localhost: jid=j704023714771.4055086 started=1 finished=0
ASYNC OK on localhost: jid=j704023714771.4055086
changed: [localhost] => (item=1b)
ASYNC POLL on localhost: jid=j324200323545.4067886 started=1 finished=0
ASYNC POLL on localhost: jid=j324200323545.4067886 started=1 finished=0
ASYNC OK on localhost: jid=j324200323545.4067886
changed: [localhost] => (item=1c)

PLAY [RPV-1 step 9 -- Checkpoint B (drain + light checks)] *********************

TASK [Checkpoint B: wait for users/sink1/marker-* propagation hub -> sink-1 a/b/c] ***
ok: [localhost]

TASK [ansible.builtin.debug] ***************************************************
ok: [localhost] => {
    "msg": "MARKER PROPAGATED -- 'users/sink1/marker-1780908657130452260-63606' reached every target ['2a', '2b', '2c'] from 1a (took 18.8s)"
}

TASK [Checkpoint B: wait for users/sink2/marker-* propagation hub -> sink-2 a/b/c] ***
ok: [localhost]

TASK [ansible.builtin.debug] ***************************************************
ok: [localhost] => {
    "msg": "MARKER PROPAGATED -- 'users/sink2/marker-1780908679217025661-4631' reached every target ['3a', '3b', '3c'] from 1a (took 0.0s)"
}

TASK [Checkpoint B: dump schema version on all 9 nodes (mixed binaries expected)] ***
ok: [localhost]

TASK [ansible.builtin.debug] ***************************************************
ok: [localhost] => {
    "msg": [
        "schema/build version per node:",
        "  1a  7.2.3-custom-72",
        "  1b  7.2.3-custom-72",
        "  1c  7.2.3-custom-72",
        "  2a  7.2.3-custom-72",
        "  2b  7.2.3-custom-72",
        "  2c  7.2.3-custom-72",
        "  3a  6.2.15",
        "  3b  6.2.15",
        "  3c  6.2.15"
    ]
}

TASK [Checkpoint B: assert filter compliance on sink-1] ************************
ok: [localhost]

TASK [ansible.builtin.debug] ***************************************************
ok: [localhost] => {
    "msg": [
        "filter compliance on 2a/db1:",
        "  allowed_prefixes: ['users/sink1/', 'orders/sink1/']",
        "  total sink docs: 105",
        "  leak ids (no allowed prefix matched): 0",
        "PASS  every sink doc matches an allowed prefix"
    ]
}

TASK [Checkpoint B: assert filter compliance on sink-2] ************************
ok: [localhost]

TASK [ansible.builtin.debug] ***************************************************
ok: [localhost] => {
    "msg": [
        "filter compliance on 3a/db1:",
        "  allowed_prefixes: ['users/sink2/', 'orders/sink2/']",
        "  total sink docs: 111",
        "  leak ids (no allowed prefix matched): 0",
        "PASS  every sink doc matches an allowed prefix"
    ]
}

TASK [Checkpoint B: assert cross-sink isolation on sink-1] *********************
ok: [localhost]

TASK [ansible.builtin.debug] ***************************************************
ok: [localhost] => {
    "msg": [
        "cross-sink isolation check on 2a/db1:",
        "  forbidden_prefixes: ['users/sink2/', 'orders/sink2/']",
        "  probes: 200  leaks: 0",
        "PASS  no forbidden-prefix docs on this sink"
    ]
}

TASK [Checkpoint B: assert cross-sink isolation on sink-2] *********************
ok: [localhost]

TASK [ansible.builtin.debug] ***************************************************
ok: [localhost] => {
    "msg": [
        "cross-sink isolation check on 3a/db1:",
        "  forbidden_prefixes: ['users/sink1/', 'orders/sink1/']",
        "  probes: 200  leaks: 0",
        "PASS  no forbidden-prefix docs on this sink"
    ]
}

TASK [Checkpoint B: assert lane-inert across all v_new nodes so far (steps 1+2)] ***
ok: [localhost]

TASK [ansible.builtin.debug] ***************************************************
ok: [localhost] => {
    "msg": [
        "lane-inert check (db=db1, 6 node(s), 7 prefix(es), 269 revisions sampled):",
        "  leaks (new-lane '|' in CV): 0",
        "  forensic: SupportedFeatures = ['ThrowRevisionKeyTooBigFix']",
        "PASS  no '|' in any sampled revision CV; new lane stayed inert"
    ]
}

PLAY [RPV-1 step 10 -- upgrade step 3 (3 nodes from upgrade_step_3)] ***********

TASK [ansible.builtin.debug] ***************************************************
ok: [localhost] => {
    "msg": "==== step 10 -- upgrade step 3 (['3a', '3b', '3c']) ===="
}

TASK [Upgrade each node + wait for member] *************************************
ASYNC POLL on localhost: jid=j44003443862.4094756 started=1 finished=0
ASYNC POLL on localhost: jid=j44003443862.4094756 started=1 finished=0
ASYNC OK on localhost: jid=j44003443862.4094756
changed: [localhost] => (item=3a)
ASYNC POLL on localhost: jid=j250920059417.4107647 started=1 finished=0
ASYNC POLL on localhost: jid=j250920059417.4107647 started=1 finished=0
ASYNC OK on localhost: jid=j250920059417.4107647
changed: [localhost] => (item=3b)
ASYNC POLL on localhost: jid=j734909286554.4120464 started=1 finished=0
ASYNC POLL on localhost: jid=j734909286554.4120464 started=1 finished=0
ASYNC OK on localhost: jid=j734909286554.4120464
changed: [localhost] => (item=3c)

PLAY [RPV-1 step 11 -- endpoint checkpoint (drain + I-13 suite)] ***************

TASK [Endpoint: wait for users/sink1/marker-* propagation hub -> sink-1 a/b/c] ***
ok: [localhost]

TASK [ansible.builtin.debug] ***************************************************
ok: [localhost] => {
    "msg": "MARKER PROPAGATED -- 'users/sink1/marker-1780910259402702594-73605' reached every target ['2a', '2b', '2c'] from 1a (took 8.4s)"
}

TASK [Endpoint: wait for users/sink2/marker-* propagation hub -> sink-2 a/b/c] ***
ok: [localhost]

TASK [ansible.builtin.debug] ***************************************************
ok: [localhost] => {
    "msg": "MARKER PROPAGATED -- 'users/sink2/marker-1780910271186268952-61735' reached every target ['3a', '3b', '3c'] from 1a (took 4.1s)"
}

TASK [Endpoint: assert schema version parity across all 9 nodes (all v_new)] ***
ok: [localhost]

TASK [ansible.builtin.debug] ***************************************************
ok: [localhost] => {
    "msg": [
        "schema/build version per node:",
        "  1a  7.2.3-custom-72",
        "  1b  7.2.3-custom-72",
        "  1c  7.2.3-custom-72",
        "  2a  7.2.3-custom-72",
        "  2b  7.2.3-custom-72",
        "  2c  7.2.3-custom-72",
        "  3a  7.2.3-custom-72",
        "  3b  7.2.3-custom-72",
        "  3c  7.2.3-custom-72",
        "DatabaseRecord.SupportedFeatures (via 1a): ['ThrowRevisionKeyTooBigFix']"
    ]
}

TASK [Endpoint: assert filter compliance on sink-1] ****************************
ok: [localhost]

TASK [ansible.builtin.debug] ***************************************************
ok: [localhost] => {
    "msg": [
        "filter compliance on 2a/db1:",
        "  allowed_prefixes: ['users/sink1/', 'orders/sink1/']",
        "  total sink docs: 131",
        "  leak ids (no allowed prefix matched): 0",
        "PASS  every sink doc matches an allowed prefix"
    ]
}

TASK [Endpoint: assert filter compliance on sink-2] ****************************
ok: [localhost]

TASK [ansible.builtin.debug] ***************************************************
ok: [localhost] => {
    "msg": [
        "filter compliance on 3a/db1:",
        "  allowed_prefixes: ['users/sink2/', 'orders/sink2/']",
        "  total sink docs: 117",
        "  leak ids (no allowed prefix matched): 0",
        "PASS  every sink doc matches an allowed prefix"
    ]
}

TASK [Endpoint: assert cross-sink isolation on sink-1] *************************
ok: [localhost]

TASK [ansible.builtin.debug] ***************************************************
ok: [localhost] => {
    "msg": [
        "cross-sink isolation check on 2a/db1:",
        "  forbidden_prefixes: ['users/sink2/', 'orders/sink2/']",
        "  probes: 200  leaks: 0",
        "PASS  no forbidden-prefix docs on this sink"
    ]
}

TASK [Endpoint: assert cross-sink isolation on sink-2] *************************
ok: [localhost]

TASK [ansible.builtin.debug] ***************************************************
ok: [localhost] => {
    "msg": [
        "cross-sink isolation check on 3a/db1:",
        "  forbidden_prefixes: ['users/sink1/', 'orders/sink1/']",
        "  probes: 200  leaks: 0",
        "PASS  no forbidden-prefix docs on this sink"
    ]
}

TASK [Endpoint I-13b: assert CV-boundary order-side hub -> sink-1] *************
ok: [localhost]

TASK [ansible.builtin.debug] ***************************************************
ok: [localhost] => {
    "msg": [
        "CV-boundary by dbid (db=db1):",
        "  source dbids:   ['FUim0+dNZk+f9eaWX4qlZg', 'ZRws9k+zK0WbESklVHTIzQ', 'nWl+Zzac0EuW1xGDZjbFNQ']",
        "  receiver dbids: ['9rPaglUZ5U23631PyspWuQ', 'Ywae6QOn10SGgft12bhADA', 'wWCv0JWVs0ufmMS20qBpjA']",
        "  2a  LEGACY raw CV (no '|') -- N/A on this CV form",
        "  2b  LEGACY raw CV (no '|') -- N/A on this CV form",
        "  2c  LEGACY raw CV (no '|') -- N/A on this CV form",
        "PASS  no source dbids on any receiver's order side"
    ]
}

TASK [Endpoint I-13b: assert CV-boundary order-side hub -> sink-2] *************
ok: [localhost]

TASK [ansible.builtin.debug] ***************************************************
ok: [localhost] => {
    "msg": [
        "CV-boundary by dbid (db=db1):",
        "  source dbids:   ['FUim0+dNZk+f9eaWX4qlZg', 'ZRws9k+zK0WbESklVHTIzQ', 'nWl+Zzac0EuW1xGDZjbFNQ']",
        "  receiver dbids: ['5fXvIv0WvEa+S+bS4Zfp6g', 'Pg+REKTNt0ulKW9naJSN+w', 'j+1xblQyP0qgnDITX9B2BA']",
        "  3a  LEGACY raw CV (no '|') -- N/A on this CV form",
        "  3b  LEGACY raw CV (no '|') -- N/A on this CV form",
        "  3c  LEGACY raw CV (no '|') -- N/A on this CV form",
        "PASS  no source dbids on any receiver's order side"
    ]
}

PLAY [Assert a background workload is still alive (pidfile + kill -0)] *********

TASK [Validate inputs] *********************************************************
ok: [localhost] => {
    "changed": false,
    "msg": "All assertions passed"
}

TASK [Probe pidfile + recorded PID] ********************************************
ok: [localhost]

TASK [Dump worker debug log on failure (if present)] ***************************
skipping: [localhost]

TASK [Show worker debug log] ***************************************************
skipping: [localhost]

TASK [Assert workload is alive] ************************************************
ok: [localhost] => {
    "changed": false,
    "msg": "WORKLOAD ALIVE  pidfile=/tmp/w1-1a-db1.pid  ALIVE pid=3992337"
}

PLAY [Assert a background workload is still alive (pidfile + kill -0)] *********

TASK [Validate inputs] *********************************************************
ok: [localhost] => {
    "changed": false,
    "msg": "All assertions passed"
}

TASK [Probe pidfile + recorded PID] ********************************************
ok: [localhost]

TASK [Dump worker debug log on failure (if present)] ***************************
skipping: [localhost]

TASK [Show worker debug log] ***************************************************
skipping: [localhost]

TASK [Assert workload is alive] ************************************************
ok: [localhost] => {
    "changed": false,
    "msg": "WORKLOAD ALIVE  pidfile=/tmp/w2-1a-db1.pid  ALIVE pid=3992353"
}

PLAY [Stop a background workload via its pidfile] ******************************

TASK [Validate inputs] *********************************************************
ok: [localhost] => {
    "changed": false,
    "msg": "All assertions passed"
}

TASK [TERM (then KILL after grace) the pid in /tmp/w1-1a-db1.pid] **************
changed: [localhost]

TASK [Done] ********************************************************************
ok: [localhost] => {
    "msg": "WORKLOAD STOPPED  pid=3992337  pidfile=/tmp/w1-1a-db1.pid"
}

PLAY [Stop a background workload via its pidfile] ******************************

TASK [Validate inputs] *********************************************************
ok: [localhost] => {
    "changed": false,
    "msg": "All assertions passed"
}

TASK [TERM (then KILL after grace) the pid in /tmp/w2-1a-db1.pid] **************
changed: [localhost]

TASK [Done] ********************************************************************
ok: [localhost] => {
    "msg": "WORKLOAD STOPPED  pid=3992353  pidfile=/tmp/w2-1a-db1.pid"
}

PLAY [RPV-1 step 12 -- final convergence + deep parity (quiet cluster)] ********

TASK [Final: wait for etag parity across hub a/b/c (quiet drain)] **************
ok: [localhost]

TASK [ansible.builtin.debug] ***************************************************
ok: [localhost] => {
    "msg": [
        "STABLE -- LastDatabaseEtag unchanged across 3 node(s) (skipped=[], took 9.3s)",
        "  sample 1 (12:29:37):",
        "    1a  4477",
        "    1b  3558",
        "    1c  3559",
        "  sample 2 (12:29:46):",
        "    1a  4477",
        "    1b  3558",
        "    1c  3559"
    ]
}

TASK [Final: wait for etag parity across sink-1 a/b/c (quiet drain)] ***********
ok: [localhost]

TASK [ansible.builtin.debug] ***************************************************
ok: [localhost] => {
    "msg": [
        "STABLE -- LastDatabaseEtag unchanged across 3 node(s) (skipped=[], took 9.3s)",
        "  sample 1 (12:29:59):",
        "    2a  936",
        "    2b  938",
        "    2c  936",
        "  sample 2 (12:30:08):",
        "    2a  936",
        "    2b  938",
        "    2c  936"
    ]
}

TASK [Final: wait for etag parity across sink-2 a/b/c (quiet drain)] ***********
ok: [localhost]

TASK [ansible.builtin.debug] ***************************************************
ok: [localhost] => {
    "msg": [
        "STABLE -- LastDatabaseEtag unchanged across 3 node(s) (skipped=[], took 0.1s)",
        "  sample 1 (12:30:09):",
        "    3a  918",
        "    3b  918",
        "    3c  918",
        "  sample 2 (12:30:09):",
        "    3a  918",
        "    3b  918",
        "    3c  918"
    ]
}

TASK [Final: wait for tombstone-count convergence across hub a/b/c] ************
ok: [localhost]

TASK [ansible.builtin.debug] ***************************************************
ok: [localhost] => {
    "msg": [
        "PARITY -- fields ['CountOfTombstones'] match across 3 node(s) (skipped=[], took 9.3s):",
        "  CountOfTombstones = 275"
    ]
}

TASK [Final: wait for tombstone-count convergence across sink-1 a/b/c] *********
ok: [localhost]

TASK [ansible.builtin.debug] ***************************************************
ok: [localhost] => {
    "msg": [
        "PARITY -- fields ['CountOfTombstones'] match across 3 node(s) (skipped=[], took 157.1s):",
        "  CountOfTombstones = 0"
    ]
}

TASK [Final: wait for tombstone-count convergence across sink-2 a/b/c] *********
ok: [localhost]

TASK [ansible.builtin.debug] ***************************************************
ok: [localhost] => {
    "msg": [
        "PARITY -- fields ['CountOfTombstones'] match across 3 node(s) (skipped=[], took 0.1s):",
        "  CountOfTombstones = 0"
    ]
}

TASK [Final: assert /stats parity across hub a/b/c (I-1+I-5+I-6)] **************
ok: [localhost]

TASK [ansible.builtin.debug] ***************************************************
ok: [localhost] => {
    "msg": [
        "/stats parity  db=db1  nodes=['1a', '1b', '1c']",
        "field                                  1a ,        1b ,        1c  status",
        "CountOfAttachments                    438 ,       438 ,       438  OK",
        "CountOfConflicts                        0 ,         0 ,         0  OK",
        "CountOfCounterEntries                 128 ,       145 ,       145  DRIFT (info)",
        "CountOfDocuments                      492 ,       492 ,       492  OK",
        "CountOfDocumentsConflicts               0 ,         0 ,         0  OK",
        "CountOfRemoteAttachments                0 ,         0 ,         0  OK",
        "CountOfRevisionDocuments             1054 ,      1054 ,      1054  OK",
        "CountOfTimeSeriesDeletedRanges          0 ,         0 ,         0  OK",
        "CountOfTimeSeriesSegments              80 ,        80 ,        80  OK (info)",
        "CountOfTombstones                     275 ,       275 ,       275  OK",
        "CountOfUniqueAttachments              171 ,       171 ,       171  OK",
        "SizeOnDisk                      142737408 , 142737408 , 142737408  info",
        "WARN  informational drift on per-node-intrinsic fields: ['CountOfCounterEntries']",
        "PASS  every asserted field is parity-equal across ['1a', '1b', '1c']"
    ]
}

TASK [Final: assert /stats parity across sink-1 a/b/c] *************************
ok: [localhost]

TASK [ansible.builtin.debug] ***************************************************
ok: [localhost] => {
    "msg": [
        "/stats parity  db=db1  nodes=['2a', '2b', '2c']",
        "field                                 2a ,       2b ,       2c  status",
        "CountOfAttachments                   100 ,      100 ,      100  OK",
        "CountOfConflicts                       0 ,        0 ,        0  OK",
        "CountOfCounterEntries                 42 ,       42 ,       42  OK (info)",
        "CountOfDocuments                     143 ,      143 ,      143  OK",
        "CountOfDocumentsConflicts              0 ,        0 ,        0  OK",
        "CountOfRemoteAttachments               0 ,        0 ,        0  OK",
        "CountOfRevisionDocuments             290 ,      290 ,      290  OK",
        "CountOfTimeSeriesDeletedRanges         0 ,        0 ,        0  OK",
        "CountOfTimeSeriesSegments             27 ,       27 ,       27  OK (info)",
        "CountOfTombstones                      0 ,        0 ,        0  OK",
        "CountOfUniqueAttachments              40 ,       40 ,       40  OK",
        "SizeOnDisk                      69337088 , 69337088 , 69337088  info",
        "PASS  every asserted field is parity-equal across ['2a', '2b', '2c']"
    ]
}

TASK [Final: assert /stats parity across sink-2 a/b/c] *************************
ok: [localhost]

TASK [ansible.builtin.debug] ***************************************************
ok: [localhost] => {
    "msg": [
        "/stats parity  db=db1  nodes=['3a', '3b', '3c']",
        "field                                 3a ,       3b ,       3c  status",
        "CountOfAttachments                    97 ,       97 ,       97  OK",
        "CountOfConflicts                       0 ,        0 ,        0  OK",
        "CountOfCounterEntries                 38 ,       38 ,       38  OK (info)",
        "CountOfDocuments                     129 ,      129 ,      129  OK",
        "CountOfDocumentsConflicts              0 ,        0 ,        0  OK",
        "CountOfRemoteAttachments               0 ,        0 ,        0  OK",
        "CountOfRevisionDocuments             274 ,      274 ,      274  OK",
        "CountOfTimeSeriesDeletedRanges         0 ,        0 ,        0  OK",
        "CountOfTimeSeriesSegments             21 ,       21 ,       21  OK (info)",
        "CountOfTombstones                      0 ,        0 ,        0  OK",
        "CountOfUniqueAttachments              43 ,       43 ,       43  OK",
        "SizeOnDisk                      69337088 , 69337088 , 69337088  info",
        "PASS  every asserted field is parity-equal across ['3a', '3b', '3c']"
    ]
}

TASK [Final: assert revision-count parity for users/hub/* across hub a/b/c (I-2)] ***
ok: [localhost]

TASK [ansible.builtin.debug] ***************************************************
ok: [localhost] => {
    "msg": [
        "revision-count parity: 10 id(s) across ['1a', '1b', '1c']",
        "  per-id counts (first 10):",
        "    users/hub/0           [2, 2, 2]",
        "    users/hub/1           [3, 3, 3]",
        "    users/hub/2           [2, 2, 2]",
        "    users/hub/3           [3, 3, 3]",
        "    users/hub/4           [1, 1, 1]",
        "    users/hub/5           [3, 3, 3]",
        "    users/hub/6           [2, 2, 2]",
        "    users/hub/7           [1, 1, 1]",
        "    users/hub/8           [2, 2, 2]",
        "    users/hub/9           [1, 1, 1]",
        "  mismatched: 0",
        "PASS  per-id revision counts agree across nodes"
    ]
}

TASK [Final: assert revision-count parity for orders/hub/* across hub a/b/c] ***
ok: [localhost]

TASK [ansible.builtin.debug] ***************************************************
ok: [localhost] => {
    "msg": [
        "revision-count parity: 10 id(s) across ['1a', '1b', '1c']",
        "  per-id counts (first 10):",
        "    orders/hub/0          [1, 1, 1]",
        "    orders/hub/1          [2, 2, 2]",
        "    orders/hub/2          [2, 2, 2]",
        "    orders/hub/3          [1, 1, 1]",
        "    orders/hub/4          [2, 2, 2]",
        "    orders/hub/5          [2, 2, 2]",
        "    orders/hub/6          [3, 3, 3]",
        "    orders/hub/7          [2, 2, 2]",
        "    orders/hub/8          [6, 6, 6]",
        "    orders/hub/9          [2, 2, 2]",
        "  mismatched: 0",
        "PASS  per-id revision counts agree across nodes"
    ]
}

TASK [Final: assert revision-count parity for Internal/* across hub a/b/c] *****
ok: [localhost]

TASK [ansible.builtin.debug] ***************************************************
ok: [localhost] => {
    "msg": [
        "revision-count parity: 10 id(s) across ['1a', '1b', '1c']",
        "  per-id counts (first 10):",
        "    Internal/0            [3, 3, 3]",
        "    Internal/1            [5, 5, 5]",
        "    Internal/2            [3, 3, 3]",
        "    Internal/3            [3, 3, 3]",
        "    Internal/4            [1, 1, 1]",
        "    Internal/5            [2, 2, 2]",
        "    Internal/6            [2, 2, 2]",
        "    Internal/7            [4, 4, 4]",
        "    Internal/8            [4, 4, 4]",
        "    Internal/9            [5, 5, 5]",
        "  mismatched: 0",
        "PASS  per-id revision counts agree across nodes"
    ]
}

TASK [Final: assert revision-count parity for users/sink1/* across sink-1 a/b/c] ***
ok: [localhost]

TASK [ansible.builtin.debug] ***************************************************
ok: [localhost] => {
    "msg": [
        "revision-count parity: 10 id(s) across ['2a', '2b', '2c']",
        "  per-id counts (first 10):",
        "    users/sink1/0         [2, 2, 2]",
        "    users/sink1/1         [3, 3, 3]",
        "    users/sink1/2         [2, 2, 2]",
        "    users/sink1/3         [3, 3, 3]",
        "    users/sink1/4         [2, 2, 2]",
        "    users/sink1/5         [1, 1, 1]",
        "    users/sink1/6         [3, 3, 3]",
        "    users/sink1/7         [2, 2, 2]",
        "    users/sink1/8         [2, 2, 2]",
        "    users/sink1/9         [3, 3, 3]",
        "  mismatched: 0",
        "PASS  per-id revision counts agree across nodes"
    ]
}

TASK [Final: assert revision-count parity for orders/sink1/* across sink-1 a/b/c] ***
ok: [localhost]

TASK [ansible.builtin.debug] ***************************************************
ok: [localhost] => {
    "msg": [
        "revision-count parity: 10 id(s) across ['2a', '2b', '2c']",
        "  per-id counts (first 10):",
        "    orders/sink1/0        [2, 2, 2]",
        "    orders/sink1/1        [3, 3, 3]",
        "    orders/sink1/2        [4, 4, 4]",
        "    orders/sink1/3        [5, 5, 5]",
        "    orders/sink1/4        [1, 1, 1]",
        "    orders/sink1/5        [1, 1, 1]",
        "    orders/sink1/6        [3, 3, 3]",
        "    orders/sink1/7        [3, 3, 3]",
        "    orders/sink1/8        [2, 2, 2]",
        "    orders/sink1/9        [2, 2, 2]",
        "  mismatched: 0",
        "PASS  per-id revision counts agree across nodes"
    ]
}

TASK [Final: assert revision-count parity for users/sink2/* across sink-2 a/b/c] ***
ok: [localhost]

TASK [ansible.builtin.debug] ***************************************************
ok: [localhost] => {
    "msg": [
        "revision-count parity: 10 id(s) across ['3a', '3b', '3c']",
        "  per-id counts (first 10):",
        "    users/sink2/0         [3, 3, 3]",
        "    users/sink2/1         [2, 2, 2]",
        "    users/sink2/2         [3, 3, 3]",
        "    users/sink2/3         [3, 3, 3]",
        "    users/sink2/4         [3, 3, 3]",
        "    users/sink2/5         [1, 1, 1]",
        "    users/sink2/6         [2, 2, 2]",
        "    users/sink2/7         [1, 1, 1]",
        "    users/sink2/8         [2, 2, 2]",
        "    users/sink2/9         [2, 2, 2]",
        "  mismatched: 0",
        "PASS  per-id revision counts agree across nodes"
    ]
}

TASK [Final: assert revision-count parity for orders/sink2/* across sink-2 a/b/c] ***
ok: [localhost]

TASK [ansible.builtin.debug] ***************************************************
ok: [localhost] => {
    "msg": [
        "revision-count parity: 10 id(s) across ['3a', '3b', '3c']",
        "  per-id counts (first 10):",
        "    orders/sink2/0        [2, 2, 2]",
        "    orders/sink2/1        [1, 1, 1]",
        "    orders/sink2/2        [3, 3, 3]",
        "    orders/sink2/3        [2, 2, 2]",
        "    orders/sink2/4        [5, 5, 5]",
        "    orders/sink2/5        [3, 3, 3]",
        "    orders/sink2/6        [2, 2, 2]",
        "    orders/sink2/7        [3, 3, 3]",
        "    orders/sink2/8        [1, 1, 1]",
        "    orders/sink2/9        [2, 2, 2]",
        "  mismatched: 0",
        "PASS  per-id revision counts agree across nodes"
    ]
}

TASK [Final: assert no orphan revisions on hub a/b/c (I-4)] ********************
ok: [localhost]

TASK [ansible.builtin.debug] ***************************************************
ok: [localhost] => {
    "msg": [
        "orphan revisions adopted per node:",
        "  1a  0",
        "  1b  0",
        "  1c  0",
        "PASS  no orphan revisions on any node"
    ]
}

TASK [Final: assert users/sink1 doc-id-set parity across sink-1 a/b/c] *********
ok: [localhost]

TASK [ansible.builtin.debug] ***************************************************
ok: [localhost] => {
    "msg": [
        "doc-id-set parity: 10 id(s) probed across ['2a', '2b', '2c']",
        "  mismatched: 0",
        "PASS  every probe id is uniformly present or uniformly absent"
    ]
}

TASK [Final: assert orders/sink1 doc-id-set parity across sink-1 a/b/c] ********
ok: [localhost]

TASK [ansible.builtin.debug] ***************************************************
ok: [localhost] => {
    "msg": [
        "doc-id-set parity: 10 id(s) probed across ['2a', '2b', '2c']",
        "  mismatched: 0",
        "PASS  every probe id is uniformly present or uniformly absent"
    ]
}

TASK [Final: assert users/sink2 doc-id-set parity across sink-2 a/b/c] *********
ok: [localhost]

TASK [ansible.builtin.debug] ***************************************************
ok: [localhost] => {
    "msg": [
        "doc-id-set parity: 10 id(s) probed across ['3a', '3b', '3c']",
        "  mismatched: 0",
        "PASS  every probe id is uniformly present or uniformly absent"
    ]
}

TASK [Final: assert orders/sink2 doc-id-set parity across sink-2 a/b/c] ********
ok: [localhost]

TASK [ansible.builtin.debug] ***************************************************
ok: [localhost] => {
    "msg": [
        "doc-id-set parity: 10 id(s) probed across ['3a', '3b', '3c']",
        "  mismatched: 0",
        "PASS  every probe id is uniformly present or uniformly absent"
    ]
}

TASK [Final: assert users/hub doc-id-set parity across hub a/b/c] **************
ok: [localhost]

TASK [ansible.builtin.debug] ***************************************************
ok: [localhost] => {
    "msg": [
        "doc-id-set parity: 10 id(s) probed across ['1a', '1b', '1c']",
        "  mismatched: 0",
        "PASS  every probe id is uniformly present or uniformly absent"
    ]
}

TASK [Final: assert orders/hub doc-id-set parity across hub a/b/c] *************
ok: [localhost]

TASK [ansible.builtin.debug] ***************************************************
ok: [localhost] => {
    "msg": [
        "doc-id-set parity: 10 id(s) probed across ['1a', '1b', '1c']",
        "  mismatched: 0",
        "PASS  every probe id is uniformly present or uniformly absent"
    ]
}

TASK [Final: assert Internal doc-id-set parity across hub a/b/c] ***************
ok: [localhost]

TASK [ansible.builtin.debug] ***************************************************
ok: [localhost] => {
    "msg": [
        "doc-id-set parity: 10 id(s) probed across ['1a', '1b', '1c']",
        "  mismatched: 0",
        "PASS  every probe id is uniformly present or uniformly absent"
    ]
}

TASK [Final: assert filter compliance on sink-1] *******************************
ok: [localhost]

TASK [ansible.builtin.debug] ***************************************************
ok: [localhost] => {
    "msg": [
        "filter compliance on 2a/db1:",
        "  allowed_prefixes: ['users/sink1/', 'orders/sink1/']",
        "  total sink docs: 143",
        "  leak ids (no allowed prefix matched): 0",
        "PASS  every sink doc matches an allowed prefix"
    ]
}

TASK [Final: assert filter compliance on sink-2] *******************************
ok: [localhost]

TASK [ansible.builtin.debug] ***************************************************
ok: [localhost] => {
    "msg": [
        "filter compliance on 3a/db1:",
        "  allowed_prefixes: ['users/sink2/', 'orders/sink2/']",
        "  total sink docs: 129",
        "  leak ids (no allowed prefix matched): 0",
        "PASS  every sink doc matches an allowed prefix"
    ]
}

TASK [Final: assert cross-sink isolation on sink-1] ****************************
ok: [localhost]

TASK [ansible.builtin.debug] ***************************************************
ok: [localhost] => {
    "msg": [
        "cross-sink isolation check on 2a/db1:",
        "  forbidden_prefixes: ['users/sink2/', 'orders/sink2/']",
        "  probes: 200  leaks: 0",
        "PASS  no forbidden-prefix docs on this sink"
    ]
}

TASK [Final: assert cross-sink isolation on sink-2] ****************************
ok: [localhost]

TASK [ansible.builtin.debug] ***************************************************
ok: [localhost] => {
    "msg": [
        "cross-sink isolation check on 3a/db1:",
        "  forbidden_prefixes: ['users/sink1/', 'orders/sink1/']",
        "  probes: 200  leaks: 0",
        "PASS  no forbidden-prefix docs on this sink"
    ]
}

PLAY [RPV-1 -- DONE] ***********************************************************

TASK [ansible.builtin.debug] ***************************************************
ok: [localhost] => {
    "msg": "RPV-1 PASS  hub=[1a,1b,1c] sink-1=[2a,2b,2c] sink-2=[3a,3b,3c] db=db1 cross-cluster rolling upgrade + filter geometry + CV-boundary all held"
}

PLAY RECAP *********************************************************************
localhost                  : ok=205  changed=24   unreachable=0    failed=0    skipped=7    rescued=0    ignored=0   


[1;36m[12:59:55] RPV-1 done[0m
